mode: atomic
github.com/Valentin-Kaiser/go-dbase/examples/create/create.go:19.13,22.16 2 0
github.com/Valentin-Kaiser/go-dbase/examples/create/create.go:22.16,25.3 2 0
github.com/Valentin-Kaiser/go-dbase/examples/create/create.go:26.2,41.16 3 0
github.com/Valentin-Kaiser/go-dbase/examples/create/create.go:41.16,42.13 1 0
github.com/Valentin-Kaiser/go-dbase/examples/create/create.go:44.2,55.40 3 0
github.com/Valentin-Kaiser/go-dbase/examples/create/create.go:55.40,57.3 1 0
github.com/Valentin-Kaiser/go-dbase/examples/create/create.go:59.2,65.16 2 0
github.com/Valentin-Kaiser/go-dbase/examples/create/create.go:65.16,66.13 1 0
github.com/Valentin-Kaiser/go-dbase/examples/create/create.go:69.2,70.16 2 0
github.com/Valentin-Kaiser/go-dbase/examples/create/create.go:70.16,71.13 1 0
github.com/Valentin-Kaiser/go-dbase/examples/create/create.go:75.32,78.16 2 0
github.com/Valentin-Kaiser/go-dbase/examples/create/create.go:78.16,79.13 1 0
github.com/Valentin-Kaiser/go-dbase/examples/create/create.go:83.2,84.16 2 0
github.com/Valentin-Kaiser/go-dbase/examples/create/create.go:84.16,85.13 1 0
github.com/Valentin-Kaiser/go-dbase/examples/create/create.go:89.2,90.16 2 0
github.com/Valentin-Kaiser/go-dbase/examples/create/create.go:90.16,91.13 1 0
github.com/Valentin-Kaiser/go-dbase/examples/create/create.go:95.2,96.16 2 0
github.com/Valentin-Kaiser/go-dbase/examples/create/create.go:96.16,97.13 1 0
github.com/Valentin-Kaiser/go-dbase/examples/create/create.go:100.2,105.3 1 0
github.com/Valentin-Kaiser/go-dbase/examples/custom/custom.go:31.13,34.16 2 0
github.com/Valentin-Kaiser/go-dbase/examples/custom/custom.go:34.16,35.13 1 0
github.com/Valentin-Kaiser/go-dbase/examples/custom/custom.go:38.2,41.16 3 0
github.com/Valentin-Kaiser/go-dbase/examples/custom/custom.go:41.16,42.13 1 0
github.com/Valentin-Kaiser/go-dbase/examples/custom/custom.go:45.2,46.16 2 0
github.com/Valentin-Kaiser/go-dbase/examples/custom/custom.go:46.16,47.13 1 0
github.com/Valentin-Kaiser/go-dbase/examples/custom/custom.go:51.2,52.16 2 0
github.com/Valentin-Kaiser/go-dbase/examples/custom/custom.go:52.16,53.13 1 0
github.com/Valentin-Kaiser/go-dbase/examples/custom/custom.go:55.2,66.19 3 0
github.com/Valentin-Kaiser/go-dbase/examples/custom/custom.go:66.19,68.17 2 0
github.com/Valentin-Kaiser/go-dbase/examples/custom/custom.go:68.17,69.14 1 0
github.com/Valentin-Kaiser/go-dbase/examples/custom/custom.go:73.3,73.18 1 0
github.com/Valentin-Kaiser/go-dbase/examples/custom/custom.go:73.18,75.12 2 0
github.com/Valentin-Kaiser/go-dbase/examples/custom/custom.go:78.3,79.28 2 0
github.com/Valentin-Kaiser/go-dbase/examples/custom/custom.go:82.2,83.16 2 0
github.com/Valentin-Kaiser/go-dbase/examples/custom/custom.go:83.16,84.13 1 0
github.com/Valentin-Kaiser/go-dbase/examples/custom/custom.go:88.2,89.16 2 0
github.com/Valentin-Kaiser/go-dbase/examples/custom/custom.go:89.16,90.13 1 0
github.com/Valentin-Kaiser/go-dbase/examples/custom/custom.go:94.2,95.16 2 0
github.com/Valentin-Kaiser/go-dbase/examples/custom/custom.go:95.16,96.13 1 0
github.com/Valentin-Kaiser/go-dbase/examples/custom/custom.go:100.2,101.16 2 0
github.com/Valentin-Kaiser/go-dbase/examples/custom/custom.go:101.16,102.13 1 0
github.com/Valentin-Kaiser/go-dbase/examples/custom/custom.go:106.2,107.16 2 0
github.com/Valentin-Kaiser/go-dbase/examples/custom/custom.go:107.16,108.13 1 0
github.com/Valentin-Kaiser/go-dbase/examples/database/export.go:45.13,48.16 2 0
github.com/Valentin-Kaiser/go-dbase/examples/database/export.go:48.16,51.3 2 0
github.com/Valentin-Kaiser/go-dbase/examples/database/export.go:52.2,59.16 4 0
github.com/Valentin-Kaiser/go-dbase/examples/database/export.go:59.16,60.13 1 0
github.com/Valentin-Kaiser/go-dbase/examples/database/export.go:62.2,74.28 6 0
github.com/Valentin-Kaiser/go-dbase/examples/database/export.go:74.28,76.3 1 0
github.com/Valentin-Kaiser/go-dbase/examples/database/export.go:77.2,79.34 2 0
github.com/Valentin-Kaiser/go-dbase/examples/database/export.go:79.34,91.43 3 0
github.com/Valentin-Kaiser/go-dbase/examples/database/export.go:91.43,93.18 2 0
github.com/Valentin-Kaiser/go-dbase/examples/database/export.go:93.18,94.15 1 0
github.com/Valentin-Kaiser/go-dbase/examples/database/export.go:97.4,102.5 1 0
github.com/Valentin-Kaiser/go-dbase/examples/database/export.go:106.3,107.17 2 0
github.com/Valentin-Kaiser/go-dbase/examples/database/export.go:107.17,108.14 1 0
github.com/Valentin-Kaiser/go-dbase/examples/database/export.go:111.3,111.29 1 0
github.com/Valentin-Kaiser/go-dbase/examples/database/export.go:111.29,113.18 2 0
github.com/Valentin-Kaiser/go-dbase/examples/database/export.go:113.18,114.15 1 0
github.com/Valentin-Kaiser/go-dbase/examples/database/export.go:116.4,117.90 2 0
github.com/Valentin-Kaiser/go-dbase/examples/database/export.go:121.3,122.17 2 0
github.com/Valentin-Kaiser/go-dbase/examples/database/export.go:122.17,123.14 1 0
github.com/Valentin-Kaiser/go-dbase/examples/database/export.go:125.3,126.17 2 0
github.com/Valentin-Kaiser/go-dbase/examples/database/export.go:126.17,127.14 1 0
github.com/Valentin-Kaiser/go-dbase/examples/database/export.go:130.3,131.67 2 0
github.com/Valentin-Kaiser/go-dbase/examples/database/export.go:133.2,138.16 4 0
github.com/Valentin-Kaiser/go-dbase/examples/database/export.go:138.16,141.3 2 0
github.com/Valentin-Kaiser/go-dbase/examples/database/export.go:144.2,145.16 2 0
github.com/Valentin-Kaiser/go-dbase/examples/database/export.go:145.16,146.13 1 0
github.com/Valentin-Kaiser/go-dbase/examples/database/export.go:149.2,150.16 2 0
github.com/Valentin-Kaiser/go-dbase/examples/database/export.go:150.16,151.13 1 0
github.com/Valentin-Kaiser/go-dbase/examples/database/export.go:156.33,158.14 2 0
github.com/Valentin-Kaiser/go-dbase/examples/database/export.go:158.14,160.3 1 0
github.com/Valentin-Kaiser/go-dbase/examples/database/export.go:161.2,162.42 2 0
github.com/Valentin-Kaiser/go-dbase/examples/database/export.go:162.42,165.3 2 0
github.com/Valentin-Kaiser/go-dbase/examples/database/export.go:166.2,167.42 1 0
github.com/Valentin-Kaiser/go-dbase/examples/documentation/documentation.go:33.13,36.16 2 0
github.com/Valentin-Kaiser/go-dbase/examples/documentation/documentation.go:36.16,39.3 2 0
github.com/Valentin-Kaiser/go-dbase/examples/documentation/documentation.go:40.2,46.16 4 0
github.com/Valentin-Kaiser/go-dbase/examples/documentation/documentation.go:46.16,47.13 1 0
github.com/Valentin-Kaiser/go-dbase/examples/documentation/documentation.go:49.2,58.27 7 0
github.com/Valentin-Kaiser/go-dbase/examples/documentation/documentation.go:58.27,70.39 2 0
github.com/Valentin-Kaiser/go-dbase/examples/documentation/documentation.go:70.39,72.18 2 0
github.com/Valentin-Kaiser/go-dbase/examples/documentation/documentation.go:72.18,73.15 1 0
github.com/Valentin-Kaiser/go-dbase/examples/documentation/documentation.go:76.4,81.6 1 0
github.com/Valentin-Kaiser/go-dbase/examples/documentation/documentation.go:84.2,88.16 3 0
github.com/Valentin-Kaiser/go-dbase/examples/documentation/documentation.go:88.16,89.13 1 0
github.com/Valentin-Kaiser/go-dbase/examples/documentation/documentation.go:92.2,96.34 2 0
github.com/Valentin-Kaiser/go-dbase/examples/documentation/documentation.go:96.34,98.3 1 0
github.com/Valentin-Kaiser/go-dbase/examples/documentation/documentation.go:100.2,101.34 2 0
github.com/Valentin-Kaiser/go-dbase/examples/documentation/documentation.go:101.34,104.43 3 0
github.com/Valentin-Kaiser/go-dbase/examples/documentation/documentation.go:104.43,106.4 1 0
github.com/Valentin-Kaiser/go-dbase/examples/documentation/documentation.go:109.2,110.16 2 0
github.com/Valentin-Kaiser/go-dbase/examples/documentation/documentation.go:110.16,111.13 1 0
github.com/Valentin-Kaiser/go-dbase/examples/documentation/documentation.go:115.36,127.2 1 0
github.com/Valentin-Kaiser/go-dbase/examples/documentation/documentation.go:129.37,137.2 1 0
github.com/Valentin-Kaiser/go-dbase/examples/documentation/documentation.go:140.33,142.14 2 0
github.com/Valentin-Kaiser/go-dbase/examples/documentation/documentation.go:142.14,144.3 1 0
github.com/Valentin-Kaiser/go-dbase/examples/documentation/documentation.go:145.2,146.42 2 0
github.com/Valentin-Kaiser/go-dbase/examples/documentation/documentation.go:146.42,149.3 2 0
github.com/Valentin-Kaiser/go-dbase/examples/documentation/documentation.go:150.2,151.42 1 0
github.com/Valentin-Kaiser/go-dbase/examples/read/read.go:33.13,36.16 2 0
github.com/Valentin-Kaiser/go-dbase/examples/read/read.go:36.16,39.3 2 0
github.com/Valentin-Kaiser/go-dbase/examples/read/read.go:41.2,48.16 3 0
github.com/Valentin-Kaiser/go-dbase/examples/read/read.go:48.16,49.13 1 0
github.com/Valentin-Kaiser/go-dbase/examples/read/read.go:51.2,62.41 3 0
github.com/Valentin-Kaiser/go-dbase/examples/read/read.go:62.41,64.3 1 0
github.com/Valentin-Kaiser/go-dbase/examples/read/read.go:67.2,67.19 1 0
github.com/Valentin-Kaiser/go-dbase/examples/read/read.go:67.19,69.17 2 0
github.com/Valentin-Kaiser/go-dbase/examples/read/read.go:69.17,70.14 1 0
github.com/Valentin-Kaiser/go-dbase/examples/read/read.go:74.3,74.18 1 0
github.com/Valentin-Kaiser/go-dbase/examples/read/read.go:74.18,76.12 2 0
github.com/Valentin-Kaiser/go-dbase/examples/read/read.go:80.3,81.19 2 0
github.com/Valentin-Kaiser/go-dbase/examples/read/read.go:81.19,82.28 1 0
github.com/Valentin-Kaiser/go-dbase/examples/read/read.go:86.3,90.19 3 0
github.com/Valentin-Kaiser/go-dbase/examples/read/read.go:90.19,91.28 1 0
github.com/Valentin-Kaiser/go-dbase/examples/read/read.go:95.3,101.17 3 0
github.com/Valentin-Kaiser/go-dbase/examples/read/read.go:101.17,102.14 1 0
github.com/Valentin-Kaiser/go-dbase/examples/read/read.go:106.3,107.17 2 0
github.com/Valentin-Kaiser/go-dbase/examples/read/read.go:107.17,108.14 1 0
github.com/Valentin-Kaiser/go-dbase/examples/read/read.go:111.3,112.17 2 0
github.com/Valentin-Kaiser/go-dbase/examples/read/read.go:112.17,113.14 1 0
github.com/Valentin-Kaiser/go-dbase/examples/read/read.go:119.3,121.17 3 0
github.com/Valentin-Kaiser/go-dbase/examples/read/read.go:121.17,122.14 1 0
github.com/Valentin-Kaiser/go-dbase/examples/read/read.go:125.3,125.35 1 0
github.com/Valentin-Kaiser/go-dbase/examples/schema/schema.go:13.13,16.16 2 0
github.com/Valentin-Kaiser/go-dbase/examples/schema/schema.go:16.16,19.3 2 0
github.com/Valentin-Kaiser/go-dbase/examples/schema/schema.go:20.2,25.16 3 0
github.com/Valentin-Kaiser/go-dbase/examples/schema/schema.go:25.16,26.13 1 0
github.com/Valentin-Kaiser/go-dbase/examples/schema/schema.go:28.2,39.16 7 0
github.com/Valentin-Kaiser/go-dbase/examples/schema/schema.go:39.16,40.13 1 0
github.com/Valentin-Kaiser/go-dbase/examples/schema/schema.go:44.2,45.16 2 0
github.com/Valentin-Kaiser/go-dbase/examples/schema/schema.go:45.16,46.13 1 0
github.com/Valentin-Kaiser/go-dbase/examples/schema/schema.go:49.2,50.28 2 0
github.com/Valentin-Kaiser/go-dbase/examples/schema/schema.go:50.28,52.3 1 0
github.com/Valentin-Kaiser/go-dbase/examples/schema/schema.go:53.2,57.28 4 0
github.com/Valentin-Kaiser/go-dbase/examples/schema/schema.go:57.28,61.39 3 0
github.com/Valentin-Kaiser/go-dbase/examples/schema/schema.go:61.39,62.86 1 0
github.com/Valentin-Kaiser/go-dbase/examples/schema/schema.go:62.86,64.5 1 0
github.com/Valentin-Kaiser/go-dbase/examples/schema/schema.go:65.4,66.18 2 0
github.com/Valentin-Kaiser/go-dbase/examples/schema/schema.go:66.18,67.15 1 0
github.com/Valentin-Kaiser/go-dbase/examples/schema/schema.go:70.4,70.111 1 0
github.com/Valentin-Kaiser/go-dbase/examples/schema/schema.go:72.3,75.62 3 0
github.com/Valentin-Kaiser/go-dbase/examples/schema/schema.go:78.2,78.16 1 0
github.com/Valentin-Kaiser/go-dbase/examples/schema/schema.go:78.16,80.17 2 0
github.com/Valentin-Kaiser/go-dbase/examples/schema/schema.go:80.17,81.14 1 0
github.com/Valentin-Kaiser/go-dbase/examples/schema/schema.go:85.2,85.44 1 0
github.com/Valentin-Kaiser/go-dbase/examples/schema/schema.go:85.44,87.17 2 0
github.com/Valentin-Kaiser/go-dbase/examples/schema/schema.go:87.17,88.14 1 0
github.com/Valentin-Kaiser/go-dbase/examples/schema/schema.go:94.33,96.14 2 0
github.com/Valentin-Kaiser/go-dbase/examples/schema/schema.go:96.14,98.3 1 0
github.com/Valentin-Kaiser/go-dbase/examples/schema/schema.go:99.2,100.42 2 0
github.com/Valentin-Kaiser/go-dbase/examples/schema/schema.go:100.42,103.3 2 0
github.com/Valentin-Kaiser/go-dbase/examples/schema/schema.go:104.2,105.42 1 0
github.com/Valentin-Kaiser/go-dbase/examples/search/search.go:11.13,14.16 2 0
github.com/Valentin-Kaiser/go-dbase/examples/search/search.go:14.16,17.3 2 0
github.com/Valentin-Kaiser/go-dbase/examples/search/search.go:18.2,24.16 3 0
github.com/Valentin-Kaiser/go-dbase/examples/search/search.go:24.16,25.13 1 0
github.com/Valentin-Kaiser/go-dbase/examples/search/search.go:27.2,40.16 4 0
github.com/Valentin-Kaiser/go-dbase/examples/search/search.go:40.16,41.13 1 0
github.com/Valentin-Kaiser/go-dbase/examples/search/search.go:45.2,46.16 2 0
github.com/Valentin-Kaiser/go-dbase/examples/search/search.go:46.16,47.13 1 0
github.com/Valentin-Kaiser/go-dbase/examples/search/search.go:51.2,52.33 2 0
github.com/Valentin-Kaiser/go-dbase/examples/search/search.go:52.33,54.19 2 0
github.com/Valentin-Kaiser/go-dbase/examples/search/search.go:54.19,55.39 1 0
github.com/Valentin-Kaiser/go-dbase/examples/search/search.go:58.3,58.40 1 0
github.com/Valentin-Kaiser/go-dbase/examples/search/search.go:62.2,63.16 2 0
github.com/Valentin-Kaiser/go-dbase/examples/search/search.go:63.16,64.13 1 0
github.com/Valentin-Kaiser/go-dbase/examples/search/search.go:68.2,69.33 2 0
github.com/Valentin-Kaiser/go-dbase/examples/search/search.go:69.33,71.19 2 0
github.com/Valentin-Kaiser/go-dbase/examples/search/search.go:71.19,72.39 1 0
github.com/Valentin-Kaiser/go-dbase/examples/search/search.go:75.3,75.40 1 0
github.com/Valentin-Kaiser/go-dbase/examples/write/write.go:31.13,34.16 2 0
github.com/Valentin-Kaiser/go-dbase/examples/write/write.go:34.16,37.3 2 0
github.com/Valentin-Kaiser/go-dbase/examples/write/write.go:38.2,46.16 3 0
github.com/Valentin-Kaiser/go-dbase/examples/write/write.go:46.16,47.13 1 0
github.com/Valentin-Kaiser/go-dbase/examples/write/write.go:49.2,61.16 4 0
github.com/Valentin-Kaiser/go-dbase/examples/write/write.go:61.16,62.13 1 0
github.com/Valentin-Kaiser/go-dbase/examples/write/write.go:66.2,67.16 2 0
github.com/Valentin-Kaiser/go-dbase/examples/write/write.go:67.16,68.13 1 0
github.com/Valentin-Kaiser/go-dbase/examples/write/write.go:72.2,73.16 2 0
github.com/Valentin-Kaiser/go-dbase/examples/write/write.go:73.16,74.13 1 0
github.com/Valentin-Kaiser/go-dbase/examples/write/write.go:78.2,79.16 2 0
github.com/Valentin-Kaiser/go-dbase/examples/write/write.go:79.16,80.13 1 0
github.com/Valentin-Kaiser/go-dbase/examples/write/write.go:86.2,87.16 2 0
github.com/Valentin-Kaiser/go-dbase/examples/write/write.go:87.16,88.13 1 0
github.com/Valentin-Kaiser/go-dbase/examples/write/write.go:91.2,92.16 2 0
github.com/Valentin-Kaiser/go-dbase/examples/write/write.go:92.16,93.13 1 0
github.com/Valentin-Kaiser/go-dbase/examples/write/write.go:97.2,114.16 3 0
github.com/Valentin-Kaiser/go-dbase/examples/write/write.go:114.16,115.13 1 0
github.com/Valentin-Kaiser/go-dbase/examples/write/write.go:119.2,120.16 2 0
github.com/Valentin-Kaiser/go-dbase/examples/write/write.go:120.16,121.13 1 0
github.com/Valentin-Kaiser/go-dbase/examples/write/write.go:125.2,125.19 1 0
github.com/Valentin-Kaiser/go-dbase/examples/write/write.go:125.19,127.17 2 0
github.com/Valentin-Kaiser/go-dbase/examples/write/write.go:127.17,128.14 1 0
github.com/Valentin-Kaiser/go-dbase/examples/write/write.go:132.3,132.18 1 0
github.com/Valentin-Kaiser/go-dbase/examples/write/write.go:132.18,134.12 2 0
github.com/Valentin-Kaiser/go-dbase/examples/write/write.go:138.3,138.31 1 0
github.com/Valentin-Kaiser/go-dbase/dbase/constants.go:71.44,73.2 1 21
github.com/Valentin-Kaiser/go-dbase/dbase/constants.go:107.35,109.2 1 0
github.com/Valentin-Kaiser/go-dbase/dbase/constants.go:111.51,112.11 1 0
github.com/Valentin-Kaiser/go-dbase/dbase/constants.go:113.17,114.33 1 0
github.com/Valentin-Kaiser/go-dbase/dbase/constants.go:115.40,116.41 1 0
github.com/Valentin-Kaiser/go-dbase/dbase/constants.go:117.22,118.42 1 0
github.com/Valentin-Kaiser/go-dbase/dbase/constants.go:119.15,120.39 1 0
github.com/Valentin-Kaiser/go-dbase/dbase/constants.go:121.15,122.36 1 0
github.com/Valentin-Kaiser/go-dbase/dbase/constants.go:123.56,124.39 1 0
github.com/Valentin-Kaiser/go-dbase/dbase/constants.go:125.10,126.33 1 0
github.com/Valentin-Kaiser/go-dbase/dbase/conversion.go:17.34,22.2 1 3
github.com/Valentin-Kaiser/go-dbase/dbase/conversion.go:27.43,39.2 11 5
github.com/Valentin-Kaiser/go-dbase/dbase/conversion.go:42.47,44.19 2 6
github.com/Valentin-Kaiser/go-dbase/dbase/conversion.go:44.19,46.3 1 1
github.com/Valentin-Kaiser/go-dbase/dbase/conversion.go:47.2,48.16 2 5
github.com/Valentin-Kaiser/go-dbase/dbase/conversion.go:48.16,50.3 1 2
github.com/Valentin-Kaiser/go-dbase/dbase/conversion.go:51.2,51.15 1 3
github.com/Valentin-Kaiser/go-dbase/dbase/conversion.go:55.42,56.19 1 2
github.com/Valentin-Kaiser/go-dbase/dbase/conversion.go:56.19,58.3 1 0
github.com/Valentin-Kaiser/go-dbase/dbase/conversion.go:59.2,63.23 4 2
github.com/Valentin-Kaiser/go-dbase/dbase/conversion.go:63.23,65.3 1 0
github.com/Valentin-Kaiser/go-dbase/dbase/conversion.go:67.2,70.89 3 2
github.com/Valentin-Kaiser/go-dbase/dbase/conversion.go:74.49,76.23 2 2
github.com/Valentin-Kaiser/go-dbase/dbase/conversion.go:76.23,78.3 1 0
github.com/Valentin-Kaiser/go-dbase/dbase/conversion.go:79.2,80.16 2 2
github.com/Valentin-Kaiser/go-dbase/dbase/conversion.go:80.16,82.3 1 0
github.com/Valentin-Kaiser/go-dbase/dbase/conversion.go:83.2,83.15 1 2
github.com/Valentin-Kaiser/go-dbase/dbase/conversion.go:87.46,89.23 2 4
github.com/Valentin-Kaiser/go-dbase/dbase/conversion.go:89.23,91.3 1 0
github.com/Valentin-Kaiser/go-dbase/dbase/conversion.go:92.2,93.16 2 4
github.com/Valentin-Kaiser/go-dbase/dbase/conversion.go:93.16,95.3 1 0
github.com/Valentin-Kaiser/go-dbase/dbase/conversion.go:96.2,96.15 1 4
github.com/Valentin-Kaiser/go-dbase/dbase/conversion.go:100.76,102.16 2 38
github.com/Valentin-Kaiser/go-dbase/dbase/conversion.go:102.16,104.3 1 0
github.com/Valentin-Kaiser/go-dbase/dbase/conversion.go:105.2,105.26 1 38
github.com/Valentin-Kaiser/go-dbase/dbase/conversion.go:109.78,111.16 2 3
github.com/Valentin-Kaiser/go-dbase/dbase/conversion.go:111.16,113.3 1 0
github.com/Valentin-Kaiser/go-dbase/dbase/conversion.go:114.2,114.18 1 3
github.com/Valentin-Kaiser/go-dbase/dbase/conversion.go:118.49,121.16 3 0
github.com/Valentin-Kaiser/go-dbase/dbase/conversion.go:121.16,123.3 1 0
github.com/Valentin-Kaiser/go-dbase/dbase/conversion.go:124.2,124.25 1 0
github.com/Valentin-Kaiser/go-dbase/dbase/conversion.go:128.50,130.2 1 7
github.com/Valentin-Kaiser/go-dbase/dbase/conversion.go:133.61,134.23 1 7
github.com/Valentin-Kaiser/go-dbase/dbase/conversion.go:134.23,136.20 2 5
github.com/Valentin-Kaiser/go-dbase/dbase/conversion.go:136.20,138.4 1 25
github.com/Valentin-Kaiser/go-dbase/dbase/conversion.go:139.3,139.27 1 5
github.com/Valentin-Kaiser/go-dbase/dbase/conversion.go:141.2,141.12 1 2
github.com/Valentin-Kaiser/go-dbase/dbase/conversion.go:145.51,147.2 1 0
github.com/Valentin-Kaiser/go-dbase/dbase/conversion.go:150.62,151.23 1 0
github.com/Valentin-Kaiser/go-dbase/dbase/conversion.go:151.23,153.40 2 0
github.com/Valentin-Kaiser/go-dbase/dbase/conversion.go:153.40,155.4 1 0
github.com/Valentin-Kaiser/go-dbase/dbase/conversion.go:156.3,156.32 1 0
github.com/Valentin-Kaiser/go-dbase/dbase/conversion.go:158.2,158.12 1 0
github.com/Valentin-Kaiser/go-dbase/dbase/conversion.go:161.44,165.2 3 46
github.com/Valentin-Kaiser/go-dbase/dbase/conversion.go:167.40,170.2 2 7
github.com/Valentin-Kaiser/go-dbase/dbase/conversion.go:173.42,174.22 1 25
github.com/Valentin-Kaiser/go-dbase/dbase/conversion.go:174.22,176.3 1 1
github.com/Valentin-Kaiser/go-dbase/dbase/conversion.go:177.2,179.58 3 24
github.com/Valentin-Kaiser/go-dbase/dbase/conversion.go:182.36,185.2 2 4
github.com/Valentin-Kaiser/go-dbase/dbase/conversion.go:188.100,189.54 1 0
github.com/Valentin-Kaiser/go-dbase/dbase/conversion.go:189.54,191.3 1 0
github.com/Valentin-Kaiser/go-dbase/dbase/conversion.go:192.2,194.33 3 0
github.com/Valentin-Kaiser/go-dbase/dbase/conversion.go:194.33,195.47 1 0
github.com/Valentin-Kaiser/go-dbase/dbase/conversion.go:195.47,197.62 2 0
github.com/Valentin-Kaiser/go-dbase/dbase/conversion.go:197.62,199.19 2 0
github.com/Valentin-Kaiser/go-dbase/dbase/conversion.go:199.19,201.6 1 0
github.com/Valentin-Kaiser/go-dbase/dbase/conversion.go:204.3,204.13 1 0
github.com/Valentin-Kaiser/go-dbase/dbase/conversion.go:206.2,206.32 1 0
github.com/Valentin-Kaiser/go-dbase/dbase/conversion.go:206.32,208.3 1 0
github.com/Valentin-Kaiser/go-dbase/dbase/conversion.go:209.2,213.43 4 0
github.com/Valentin-Kaiser/go-dbase/dbase/conversion.go:213.43,218.3 3 0
github.com/Valentin-Kaiser/go-dbase/dbase/conversion.go:220.2,220.35 1 0
github.com/Valentin-Kaiser/go-dbase/dbase/conversion.go:220.35,222.3 1 0
github.com/Valentin-Kaiser/go-dbase/dbase/conversion.go:223.2,224.12 2 0
github.com/Valentin-Kaiser/go-dbase/dbase/conversion.go:228.53,232.2 3 0
github.com/Valentin-Kaiser/go-dbase/dbase/conversion.go:234.69,235.46 1 0
github.com/Valentin-Kaiser/go-dbase/dbase/conversion.go:235.46,239.61 2 0
github.com/Valentin-Kaiser/go-dbase/dbase/conversion.go:239.61,241.12 2 0
github.com/Valentin-Kaiser/go-dbase/dbase/conversion.go:244.3,245.19 2 0
github.com/Valentin-Kaiser/go-dbase/dbase/conversion.go:245.19,247.4 1 0
github.com/Valentin-Kaiser/go-dbase/dbase/conversion.go:252.54,253.14 1 0
github.com/Valentin-Kaiser/go-dbase/dbase/conversion.go:253.14,255.3 1 0
github.com/Valentin-Kaiser/go-dbase/dbase/conversion.go:256.2,256.28 1 0
github.com/Valentin-Kaiser/go-dbase/dbase/conversion.go:256.28,258.3 1 0
github.com/Valentin-Kaiser/go-dbase/dbase/conversion.go:259.2,259.40 1 0
github.com/Valentin-Kaiser/go-dbase/dbase/conversion.go:259.40,261.3 1 0
github.com/Valentin-Kaiser/go-dbase/dbase/conversion.go:262.2,262.10 1 0
github.com/Valentin-Kaiser/go-dbase/dbase/database.go:17.54,18.19 1 7
github.com/Valentin-Kaiser/go-dbase/dbase/database.go:18.19,20.3 1 1
github.com/Valentin-Kaiser/go-dbase/dbase/database.go:21.2,21.50 1 6
github.com/Valentin-Kaiser/go-dbase/dbase/database.go:21.50,23.3 1 1
github.com/Valentin-Kaiser/go-dbase/dbase/database.go:24.2,24.67 1 5
github.com/Valentin-Kaiser/go-dbase/dbase/database.go:24.67,26.3 1 1
github.com/Valentin-Kaiser/go-dbase/dbase/database.go:27.2,29.16 3 4
github.com/Valentin-Kaiser/go-dbase/dbase/database.go:29.16,31.3 1 1
github.com/Valentin-Kaiser/go-dbase/dbase/database.go:33.2,34.16 2 3
github.com/Valentin-Kaiser/go-dbase/dbase/database.go:34.16,36.3 1 0
github.com/Valentin-Kaiser/go-dbase/dbase/database.go:37.2,38.16 2 3
github.com/Valentin-Kaiser/go-dbase/dbase/database.go:38.16,40.3 1 0
github.com/Valentin-Kaiser/go-dbase/dbase/database.go:42.2,43.27 2 3
github.com/Valentin-Kaiser/go-dbase/dbase/database.go:43.27,45.17 2 12
github.com/Valentin-Kaiser/go-dbase/dbase/database.go:45.17,47.4 1 0
github.com/Valentin-Kaiser/go-dbase/dbase/database.go:48.3,49.10 2 12
github.com/Valentin-Kaiser/go-dbase/dbase/database.go:49.10,51.4 1 0
github.com/Valentin-Kaiser/go-dbase/dbase/database.go:52.3,53.22 2 12
github.com/Valentin-Kaiser/go-dbase/dbase/database.go:53.22,54.12 1 0
github.com/Valentin-Kaiser/go-dbase/dbase/database.go:56.3,59.48 3 12
github.com/Valentin-Kaiser/go-dbase/dbase/database.go:59.48,61.4 1 12
github.com/Valentin-Kaiser/go-dbase/dbase/database.go:62.3,76.17 3 12
github.com/Valentin-Kaiser/go-dbase/dbase/database.go:76.17,78.4 1 0
github.com/Valentin-Kaiser/go-dbase/dbase/database.go:79.3,79.19 1 12
github.com/Valentin-Kaiser/go-dbase/dbase/database.go:79.19,81.4 1 12
github.com/Valentin-Kaiser/go-dbase/dbase/database.go:83.2,83.60 1 3
github.com/Valentin-Kaiser/go-dbase/dbase/database.go:87.35,88.34 1 3
github.com/Valentin-Kaiser/go-dbase/dbase/database.go:88.34,89.39 1 12
github.com/Valentin-Kaiser/go-dbase/dbase/database.go:89.39,91.4 1 0
github.com/Valentin-Kaiser/go-dbase/dbase/database.go:93.2,93.24 1 3
github.com/Valentin-Kaiser/go-dbase/dbase/database.go:97.47,99.2 1 2
github.com/Valentin-Kaiser/go-dbase/dbase/database.go:102.38,104.30 2 2
github.com/Valentin-Kaiser/go-dbase/dbase/database.go:104.30,106.3 1 8
github.com/Valentin-Kaiser/go-dbase/dbase/database.go:107.2,107.14 1 2
github.com/Valentin-Kaiser/go-dbase/dbase/database.go:111.51,113.37 2 1
github.com/Valentin-Kaiser/go-dbase/dbase/database.go:113.37,115.3 1 4
github.com/Valentin-Kaiser/go-dbase/dbase/database.go:116.2,116.15 1 1
github.com/Valentin-Kaiser/go-dbase/dbase/debug.go:17.41,18.16 1 0
github.com/Valentin-Kaiser/go-dbase/dbase/debug.go:18.16,21.3 2 0
github.com/Valentin-Kaiser/go-dbase/dbase/debug.go:22.2,22.17 1 0
github.com/Valentin-Kaiser/go-dbase/dbase/debug.go:25.46,26.11 1 700
github.com/Valentin-Kaiser/go-dbase/dbase/debug.go:26.11,28.3 1 0
github.com/Valentin-Kaiser/go-dbase/dbase/encoding.go:29.61,30.20 1 52
github.com/Valentin-Kaiser/go-dbase/dbase/encoding.go:30.20,32.3 1 52
github.com/Valentin-Kaiser/go-dbase/dbase/encoding.go:33.2,35.16 3 0
github.com/Valentin-Kaiser/go-dbase/dbase/encoding.go:35.16,37.3 1 0
github.com/Valentin-Kaiser/go-dbase/dbase/encoding.go:38.2,38.18 1 0
github.com/Valentin-Kaiser/go-dbase/dbase/encoding.go:42.61,46.16 4 3
github.com/Valentin-Kaiser/go-dbase/dbase/encoding.go:46.16,48.3 1 0
github.com/Valentin-Kaiser/go-dbase/dbase/encoding.go:49.2,49.24 1 3
github.com/Valentin-Kaiser/go-dbase/dbase/encoding.go:53.43,54.20 1 9
github.com/Valentin-Kaiser/go-dbase/dbase/encoding.go:55.27,56.14 1 0
github.com/Valentin-Kaiser/go-dbase/dbase/encoding.go:57.27,58.14 1 0
github.com/Valentin-Kaiser/go-dbase/dbase/encoding.go:59.27,60.14 1 0
github.com/Valentin-Kaiser/go-dbase/dbase/encoding.go:61.27,62.14 1 0
github.com/Valentin-Kaiser/go-dbase/dbase/encoding.go:63.27,64.14 1 0
github.com/Valentin-Kaiser/go-dbase/dbase/encoding.go:65.26,66.14 1 0
github.com/Valentin-Kaiser/go-dbase/dbase/encoding.go:67.27,68.14 1 0
github.com/Valentin-Kaiser/go-dbase/dbase/encoding.go:69.27,70.14 1 0
github.com/Valentin-Kaiser/go-dbase/dbase/encoding.go:71.27,72.14 1 9
github.com/Valentin-Kaiser/go-dbase/dbase/encoding.go:73.27,74.14 1 0
github.com/Valentin-Kaiser/go-dbase/dbase/encoding.go:75.27,76.14 1 0
github.com/Valentin-Kaiser/go-dbase/dbase/encoding.go:77.27,78.14 1 0
github.com/Valentin-Kaiser/go-dbase/dbase/encoding.go:79.27,80.14 1 0
github.com/Valentin-Kaiser/go-dbase/dbase/encoding.go:81.29,82.14 1 0
github.com/Valentin-Kaiser/go-dbase/dbase/encoding.go:83.10,84.46 1 0
github.com/Valentin-Kaiser/go-dbase/dbase/encoding.go:84.46,85.30 1 0
github.com/Valentin-Kaiser/go-dbase/dbase/encoding.go:85.30,87.5 1 0
github.com/Valentin-Kaiser/go-dbase/dbase/encoding.go:89.3,89.14 1 0
github.com/Valentin-Kaiser/go-dbase/dbase/encoding.go:93.71,95.2 1 9
github.com/Valentin-Kaiser/go-dbase/dbase/encoding.go:98.64,99.54 1 9
github.com/Valentin-Kaiser/go-dbase/dbase/encoding.go:99.54,101.3 1 0
github.com/Valentin-Kaiser/go-dbase/dbase/encoding.go:103.2,103.22 1 9
github.com/Valentin-Kaiser/go-dbase/dbase/encoding.go:104.12,105.50 1 0
github.com/Valentin-Kaiser/go-dbase/dbase/encoding.go:106.12,107.50 1 0
github.com/Valentin-Kaiser/go-dbase/dbase/encoding.go:108.12,109.50 1 0
github.com/Valentin-Kaiser/go-dbase/dbase/encoding.go:110.12,111.50 1 0
github.com/Valentin-Kaiser/go-dbase/dbase/encoding.go:112.12,113.50 1 0
github.com/Valentin-Kaiser/go-dbase/dbase/encoding.go:114.12,115.49 1 0
github.com/Valentin-Kaiser/go-dbase/dbase/encoding.go:116.12,117.50 1 0
github.com/Valentin-Kaiser/go-dbase/dbase/encoding.go:118.12,119.50 1 0
github.com/Valentin-Kaiser/go-dbase/dbase/encoding.go:120.12,121.50 1 9
github.com/Valentin-Kaiser/go-dbase/dbase/encoding.go:122.12,123.50 1 0
github.com/Valentin-Kaiser/go-dbase/dbase/encoding.go:124.12,125.50 1 0
github.com/Valentin-Kaiser/go-dbase/dbase/encoding.go:126.12,127.50 1 0
github.com/Valentin-Kaiser/go-dbase/dbase/encoding.go:128.12,129.50 1 0
github.com/Valentin-Kaiser/go-dbase/dbase/encoding.go:130.12,131.52 1 0
github.com/Valentin-Kaiser/go-dbase/dbase/encoding.go:132.10,133.50 1 0
github.com/Valentin-Kaiser/go-dbase/dbase/encoding.go:137.76,139.2 1 0
github.com/Valentin-Kaiser/go-dbase/dbase/error.go:34.33,42.2 3 13
github.com/Valentin-Kaiser/go-dbase/dbase/error.go:44.55,52.2 3 0
github.com/Valentin-Kaiser/go-dbase/dbase/error.go:54.41,57.2 2 9
github.com/Valentin-Kaiser/go-dbase/dbase/error.go:59.31,61.30 2 8
github.com/Valentin-Kaiser/go-dbase/dbase/error.go:61.30,63.3 1 6
github.com/Valentin-Kaiser/go-dbase/dbase/error.go:65.2,65.31 1 8
github.com/Valentin-Kaiser/go-dbase/dbase/error.go:65.31,67.42 2 0
github.com/Valentin-Kaiser/go-dbase/dbase/error.go:67.42,69.13 2 0
github.com/Valentin-Kaiser/go-dbase/dbase/error.go:69.13,71.5 1 0
github.com/Valentin-Kaiser/go-dbase/dbase/error.go:74.3,74.57 1 0
github.com/Valentin-Kaiser/go-dbase/dbase/error.go:77.2,77.45 1 8
github.com/Valentin-Kaiser/go-dbase/dbase/error.go:80.33,81.16 1 6
github.com/Valentin-Kaiser/go-dbase/dbase/error.go:81.16,83.3 1 1
github.com/Valentin-Kaiser/go-dbase/dbase/error.go:84.2,84.30 1 5
github.com/Valentin-Kaiser/go-dbase/dbase/error.go:84.30,87.3 2 2
github.com/Valentin-Kaiser/go-dbase/dbase/error.go:88.2,94.10 3 3
github.com/Valentin-Kaiser/go-dbase/dbase/error.go:97.30,99.9 2 18
github.com/Valentin-Kaiser/go-dbase/dbase/error.go:99.9,101.3 1 0
github.com/Valentin-Kaiser/go-dbase/dbase/error.go:103.2,104.16 2 18
github.com/Valentin-Kaiser/go-dbase/dbase/file.go:25.38,27.2 1 2
github.com/Valentin-Kaiser/go-dbase/dbase/file.go:30.30,32.2 1 1
github.com/Valentin-Kaiser/go-dbase/dbase/file.go:35.30,37.2 1 1
github.com/Valentin-Kaiser/go-dbase/dbase/file.go:40.36,42.2 1 3
github.com/Valentin-Kaiser/go-dbase/dbase/file.go:45.36,47.2 1 2
github.com/Valentin-Kaiser/go-dbase/dbase/file.go:50.38,52.2 1 1
github.com/Valentin-Kaiser/go-dbase/dbase/file.go:55.39,57.2 1 6
github.com/Valentin-Kaiser/go-dbase/dbase/file.go:60.43,61.47 1 3
github.com/Valentin-Kaiser/go-dbase/dbase/file.go:61.47,63.3 1 0
github.com/Valentin-Kaiser/go-dbase/dbase/file.go:64.2,64.32 1 3
github.com/Valentin-Kaiser/go-dbase/dbase/file.go:68.41,70.2 1 142
github.com/Valentin-Kaiser/go-dbase/dbase/file.go:73.42,76.27 3 0
github.com/Valentin-Kaiser/go-dbase/dbase/file.go:76.27,78.3 1 0
github.com/Valentin-Kaiser/go-dbase/dbase/file.go:79.2,79.14 1 0
github.com/Valentin-Kaiser/go-dbase/dbase/file.go:83.55,84.47 1 15
github.com/Valentin-Kaiser/go-dbase/dbase/file.go:84.47,85.46 1 57
github.com/Valentin-Kaiser/go-dbase/dbase/file.go:85.46,87.4 1 15
github.com/Valentin-Kaiser/go-dbase/dbase/file.go:89.2,89.11 1 0
github.com/Valentin-Kaiser/go-dbase/dbase/file.go:93.49,94.47 1 0
github.com/Valentin-Kaiser/go-dbase/dbase/file.go:94.47,95.38 1 0
github.com/Valentin-Kaiser/go-dbase/dbase/file.go:95.38,97.4 1 0
github.com/Valentin-Kaiser/go-dbase/dbase/file.go:99.2,99.11 1 0
github.com/Valentin-Kaiser/go-dbase/dbase/file.go:103.74,105.57 1 0
github.com/Valentin-Kaiser/go-dbase/dbase/file.go:105.57,107.3 1 0
github.com/Valentin-Kaiser/go-dbase/dbase/file.go:108.2,109.33 2 0
github.com/Valentin-Kaiser/go-dbase/dbase/file.go:112.85,114.18 2 0
github.com/Valentin-Kaiser/go-dbase/dbase/file.go:114.18,116.3 1 0
github.com/Valentin-Kaiser/go-dbase/dbase/file.go:117.2,118.12 2 0
github.com/Valentin-Kaiser/go-dbase/dbase/file.go:122.69,124.2 1 0
github.com/Valentin-Kaiser/go-dbase/dbase/file.go:127.32,129.16 2 0
github.com/Valentin-Kaiser/go-dbase/dbase/file.go:129.16,131.3 1 0
github.com/Valentin-Kaiser/go-dbase/dbase/file.go:132.2,133.16 2 0
github.com/Valentin-Kaiser/go-dbase/dbase/file.go:133.16,135.3 1 0
github.com/Valentin-Kaiser/go-dbase/dbase/file.go:136.2,137.16 2 0
github.com/Valentin-Kaiser/go-dbase/dbase/file.go:137.16,139.3 1 0
github.com/Valentin-Kaiser/go-dbase/dbase/file.go:140.2,140.28 1 0
github.com/Valentin-Kaiser/go-dbase/dbase/file.go:140.28,142.17 2 0
github.com/Valentin-Kaiser/go-dbase/dbase/file.go:142.17,144.4 1 0
github.com/Valentin-Kaiser/go-dbase/dbase/file.go:147.2,147.12 1 0
github.com/Valentin-Kaiser/go-dbase/dbase/file.go:151.76,153.18 2 0
github.com/Valentin-Kaiser/go-dbase/dbase/file.go:153.18,155.17 2 0
github.com/Valentin-Kaiser/go-dbase/dbase/file.go:155.17,156.19 1 0
github.com/Valentin-Kaiser/go-dbase/dbase/file.go:156.19,157.13 1 0
github.com/Valentin-Kaiser/go-dbase/dbase/file.go:159.4,159.30 1 0
github.com/Valentin-Kaiser/go-dbase/dbase/file.go:163.3,163.33 1 0
github.com/Valentin-Kaiser/go-dbase/dbase/file.go:163.33,164.12 1 0
github.com/Valentin-Kaiser/go-dbase/dbase/file.go:166.3,166.27 1 0
github.com/Valentin-Kaiser/go-dbase/dbase/file.go:168.2,168.18 1 0
github.com/Valentin-Kaiser/go-dbase/dbase/file.go:172.40,175.16 3 0
github.com/Valentin-Kaiser/go-dbase/dbase/file.go:175.16,177.3 1 0
github.com/Valentin-Kaiser/go-dbase/dbase/file.go:178.2,178.17 1 0
github.com/Valentin-Kaiser/go-dbase/dbase/file.go:182.39,184.16 2 14
github.com/Valentin-Kaiser/go-dbase/dbase/file.go:184.16,186.3 1 0
github.com/Valentin-Kaiser/go-dbase/dbase/file.go:187.2,187.30 1 14
github.com/Valentin-Kaiser/go-dbase/dbase/file.go:191.33,198.44 2 0
github.com/Valentin-Kaiser/go-dbase/dbase/file.go:198.44,203.3 1 0
github.com/Valentin-Kaiser/go-dbase/dbase/file.go:204.2,205.12 2 0
github.com/Valentin-Kaiser/go-dbase/dbase/file.go:209.72,211.19 2 3
github.com/Valentin-Kaiser/go-dbase/dbase/file.go:211.19,213.3 1 0
github.com/Valentin-Kaiser/go-dbase/dbase/file.go:214.2,214.50 1 3
github.com/Valentin-Kaiser/go-dbase/dbase/file.go:218.82,220.13 2 3
github.com/Valentin-Kaiser/go-dbase/dbase/file.go:220.13,222.3 1 0
github.com/Valentin-Kaiser/go-dbase/dbase/file.go:223.2,223.34 1 3
github.com/Valentin-Kaiser/go-dbase/dbase/file.go:228.57,234.44 6 14
github.com/Valentin-Kaiser/go-dbase/dbase/file.go:234.44,236.3 1 0
github.com/Valentin-Kaiser/go-dbase/dbase/file.go:238.2,239.47 2 14
github.com/Valentin-Kaiser/go-dbase/dbase/file.go:239.47,241.3 1 0
github.com/Valentin-Kaiser/go-dbase/dbase/file.go:243.2,244.48 2 14
github.com/Valentin-Kaiser/go-dbase/dbase/file.go:244.48,248.17 4 128
github.com/Valentin-Kaiser/go-dbase/dbase/file.go:248.17,250.4 1 0
github.com/Valentin-Kaiser/go-dbase/dbase/file.go:251.3,251.29 1 128
github.com/Valentin-Kaiser/go-dbase/dbase/file.go:251.29,252.35 1 128
github.com/Valentin-Kaiser/go-dbase/dbase/file.go:252.35,254.5 1 56
github.com/Valentin-Kaiser/go-dbase/dbase/file.go:256.4,256.38 1 128
github.com/Valentin-Kaiser/go-dbase/dbase/file.go:256.38,258.5 1 28
github.com/Valentin-Kaiser/go-dbase/dbase/file.go:260.3,260.33 1 128
github.com/Valentin-Kaiser/go-dbase/dbase/file.go:260.33,261.35 1 0
github.com/Valentin-Kaiser/go-dbase/dbase/file.go:261.35,263.5 1 0
github.com/Valentin-Kaiser/go-dbase/dbase/file.go:265.3,270.40 2 128
github.com/Valentin-Kaiser/go-dbase/dbase/file.go:270.40,272.4 1 38
github.com/Valentin-Kaiser/go-dbase/dbase/file.go:274.3,275.34 2 128
github.com/Valentin-Kaiser/go-dbase/dbase/file.go:277.2,277.17 1 14
github.com/Valentin-Kaiser/go-dbase/dbase/file.go:281.70,284.28 3 0
github.com/Valentin-Kaiser/go-dbase/dbase/file.go:284.28,286.41 2 0
github.com/Valentin-Kaiser/go-dbase/dbase/file.go:286.41,287.45 1 0
github.com/Valentin-Kaiser/go-dbase/dbase/file.go:287.45,288.34 1 0
github.com/Valentin-Kaiser/go-dbase/dbase/file.go:288.34,289.43 1 0
github.com/Valentin-Kaiser/go-dbase/dbase/file.go:289.43,293.15 4 0
github.com/Valentin-Kaiser/go-dbase/dbase/file.go:298.3,298.37 1 0
github.com/Valentin-Kaiser/go-dbase/dbase/file.go:298.37,300.4 1 0
github.com/Valentin-Kaiser/go-dbase/dbase/file.go:301.3,301.24 1 0
github.com/Valentin-Kaiser/go-dbase/dbase/file.go:303.2,304.16 2 0
github.com/Valentin-Kaiser/go-dbase/dbase/file.go:304.16,306.3 1 0
github.com/Valentin-Kaiser/go-dbase/dbase/file.go:307.2,307.17 1 0
github.com/Valentin-Kaiser/go-dbase/dbase/file.go:311.55,315.16 4 0
github.com/Valentin-Kaiser/go-dbase/dbase/file.go:315.16,317.3 1 0
github.com/Valentin-Kaiser/go-dbase/dbase/file.go:318.2,319.16 2 0
github.com/Valentin-Kaiser/go-dbase/dbase/file.go:319.16,321.3 1 0
github.com/Valentin-Kaiser/go-dbase/dbase/file.go:322.2,322.17 1 0
github.com/Valentin-Kaiser/go-dbase/dbase/file.go:328.62,332.30 4 0
github.com/Valentin-Kaiser/go-dbase/dbase/file.go:332.30,334.3 1 0
github.com/Valentin-Kaiser/go-dbase/dbase/file.go:335.2,336.30 2 0
github.com/Valentin-Kaiser/go-dbase/dbase/file.go:336.30,338.3 1 0
github.com/Valentin-Kaiser/go-dbase/dbase/file.go:339.2,339.37 1 0
github.com/Valentin-Kaiser/go-dbase/dbase/file.go:339.37,342.20 3 0
github.com/Valentin-Kaiser/go-dbase/dbase/file.go:342.20,344.4 1 0
github.com/Valentin-Kaiser/go-dbase/dbase/file.go:345.3,345.35 1 0
github.com/Valentin-Kaiser/go-dbase/dbase/file.go:347.2,348.16 2 0
github.com/Valentin-Kaiser/go-dbase/dbase/file.go:348.16,350.3 1 0
github.com/Valentin-Kaiser/go-dbase/dbase/file.go:351.2,351.17 1 0
github.com/Valentin-Kaiser/go-dbase/dbase/header.go:30.47,31.15 1 4
github.com/Valentin-Kaiser/go-dbase/dbase/header.go:31.15,33.3 1 0
github.com/Valentin-Kaiser/go-dbase/dbase/header.go:34.2,34.93 1 4
github.com/Valentin-Kaiser/go-dbase/dbase/header.go:39.40,41.2 1 0
github.com/Valentin-Kaiser/go-dbase/dbase/header.go:44.40,46.2 1 0
github.com/Valentin-Kaiser/go-dbase/dbase/header.go:49.35,51.2 1 0
github.com/Valentin-Kaiser/go-dbase/dbase/interpreter.go:35.78,68.36 2 128
github.com/Valentin-Kaiser/go-dbase/dbase/interpreter.go:68.36,70.3 1 0
github.com/Valentin-Kaiser/go-dbase/dbase/interpreter.go:72.2,73.9 2 128
github.com/Valentin-Kaiser/go-dbase/dbase/interpreter.go:73.9,75.3 1 0
github.com/Valentin-Kaiser/go-dbase/dbase/interpreter.go:77.2,77.23 1 128
github.com/Valentin-Kaiser/go-dbase/dbase/interpreter.go:82.73,115.29 2 3
github.com/Valentin-Kaiser/go-dbase/dbase/interpreter.go:115.29,117.3 1 0
github.com/Valentin-Kaiser/go-dbase/dbase/interpreter.go:119.2,120.9 2 3
github.com/Valentin-Kaiser/go-dbase/dbase/interpreter.go:120.9,122.3 1 0
github.com/Valentin-Kaiser/go-dbase/dbase/interpreter.go:124.2,124.26 1 3
github.com/Valentin-Kaiser/go-dbase/dbase/interpreter.go:128.78,130.23 1 38
github.com/Valentin-Kaiser/go-dbase/dbase/interpreter.go:130.23,132.3 1 24
github.com/Valentin-Kaiser/go-dbase/dbase/interpreter.go:133.2,134.16 2 14
github.com/Valentin-Kaiser/go-dbase/dbase/interpreter.go:134.16,136.3 1 0
github.com/Valentin-Kaiser/go-dbase/dbase/interpreter.go:137.2,137.12 1 14
github.com/Valentin-Kaiser/go-dbase/dbase/interpreter.go:137.12,139.3 1 14
github.com/Valentin-Kaiser/go-dbase/dbase/interpreter.go:140.2,140.18 1 0
github.com/Valentin-Kaiser/go-dbase/dbase/interpreter.go:144.79,148.9 4 0
github.com/Valentin-Kaiser/go-dbase/dbase/interpreter.go:148.9,151.17 3 0
github.com/Valentin-Kaiser/go-dbase/dbase/interpreter.go:151.17,153.4 1 0
github.com/Valentin-Kaiser/go-dbase/dbase/interpreter.go:154.3,154.13 1 0
github.com/Valentin-Kaiser/go-dbase/dbase/interpreter.go:156.2,157.8 2 0
github.com/Valentin-Kaiser/go-dbase/dbase/interpreter.go:157.8,160.17 3 0
github.com/Valentin-Kaiser/go-dbase/dbase/interpreter.go:160.17,162.4 1 0
github.com/Valentin-Kaiser/go-dbase/dbase/interpreter.go:163.3,163.14 1 0
github.com/Valentin-Kaiser/go-dbase/dbase/interpreter.go:165.2,165.17 1 0
github.com/Valentin-Kaiser/go-dbase/dbase/interpreter.go:165.17,167.3 1 0
github.com/Valentin-Kaiser/go-dbase/dbase/interpreter.go:168.2,169.16 2 0
github.com/Valentin-Kaiser/go-dbase/dbase/interpreter.go:169.16,171.3 1 0
github.com/Valentin-Kaiser/go-dbase/dbase/interpreter.go:172.2,172.21 1 0
github.com/Valentin-Kaiser/go-dbase/dbase/interpreter.go:176.83,177.19 1 38
github.com/Valentin-Kaiser/go-dbase/dbase/interpreter.go:177.19,179.3 1 0
github.com/Valentin-Kaiser/go-dbase/dbase/interpreter.go:180.2,180.35 1 38
github.com/Valentin-Kaiser/go-dbase/dbase/interpreter.go:180.35,182.3 1 0
github.com/Valentin-Kaiser/go-dbase/dbase/interpreter.go:184.2,185.16 2 38
github.com/Valentin-Kaiser/go-dbase/dbase/interpreter.go:185.16,187.3 1 0
github.com/Valentin-Kaiser/go-dbase/dbase/interpreter.go:188.2,188.17 1 38
github.com/Valentin-Kaiser/go-dbase/dbase/interpreter.go:192.94,195.9 2 3
github.com/Valentin-Kaiser/go-dbase/dbase/interpreter.go:195.9,197.3 1 0
github.com/Valentin-Kaiser/go-dbase/dbase/interpreter.go:198.2,198.33 1 3
github.com/Valentin-Kaiser/go-dbase/dbase/interpreter.go:198.33,200.3 1 0
github.com/Valentin-Kaiser/go-dbase/dbase/interpreter.go:201.2,203.16 3 3
github.com/Valentin-Kaiser/go-dbase/dbase/interpreter.go:203.16,205.3 1 0
github.com/Valentin-Kaiser/go-dbase/dbase/interpreter.go:206.2,206.17 1 3
github.com/Valentin-Kaiser/go-dbase/dbase/interpreter.go:206.17,208.3 1 0
github.com/Valentin-Kaiser/go-dbase/dbase/interpreter.go:209.2,211.41 3 3
github.com/Valentin-Kaiser/go-dbase/dbase/interpreter.go:211.41,213.3 1 0
github.com/Valentin-Kaiser/go-dbase/dbase/interpreter.go:214.2,214.17 1 3
github.com/Valentin-Kaiser/go-dbase/dbase/interpreter.go:218.76,220.2 1 28
github.com/Valentin-Kaiser/go-dbase/dbase/interpreter.go:223.82,226.9 2 0
github.com/Valentin-Kaiser/go-dbase/dbase/interpreter.go:226.9,228.10 2 0
github.com/Valentin-Kaiser/go-dbase/dbase/interpreter.go:228.10,230.4 1 0
github.com/Valentin-Kaiser/go-dbase/dbase/interpreter.go:232.3,232.34 1 0
github.com/Valentin-Kaiser/go-dbase/dbase/interpreter.go:232.34,234.4 1 0
github.com/Valentin-Kaiser/go-dbase/dbase/interpreter.go:236.2,238.16 3 0
github.com/Valentin-Kaiser/go-dbase/dbase/interpreter.go:238.16,240.3 1 0
github.com/Valentin-Kaiser/go-dbase/dbase/interpreter.go:241.2,242.42 2 0
github.com/Valentin-Kaiser/go-dbase/dbase/interpreter.go:242.42,244.3 1 0
github.com/Valentin-Kaiser/go-dbase/dbase/interpreter.go:245.2,245.17 1 0
github.com/Valentin-Kaiser/go-dbase/dbase/interpreter.go:249.77,251.2 1 2
github.com/Valentin-Kaiser/go-dbase/dbase/interpreter.go:254.83,256.9 2 0
github.com/Valentin-Kaiser/go-dbase/dbase/interpreter.go:256.9,258.3 1 0
github.com/Valentin-Kaiser/go-dbase/dbase/interpreter.go:260.2,263.16 4 0
github.com/Valentin-Kaiser/go-dbase/dbase/interpreter.go:263.16,265.3 1 0
github.com/Valentin-Kaiser/go-dbase/dbase/interpreter.go:266.2,267.42 2 0
github.com/Valentin-Kaiser/go-dbase/dbase/interpreter.go:267.42,269.3 1 0
github.com/Valentin-Kaiser/go-dbase/dbase/interpreter.go:270.2,270.17 1 0
github.com/Valentin-Kaiser/go-dbase/dbase/interpreter.go:274.79,276.16 2 4
github.com/Valentin-Kaiser/go-dbase/dbase/interpreter.go:276.16,278.3 1 0
github.com/Valentin-Kaiser/go-dbase/dbase/interpreter.go:279.2,279.15 1 4
github.com/Valentin-Kaiser/go-dbase/dbase/interpreter.go:283.90,285.9 2 0
github.com/Valentin-Kaiser/go-dbase/dbase/interpreter.go:285.9,287.3 1 0
github.com/Valentin-Kaiser/go-dbase/dbase/interpreter.go:288.2,289.28 2 0
github.com/Valentin-Kaiser/go-dbase/dbase/interpreter.go:289.28,292.3 1 0
github.com/Valentin-Kaiser/go-dbase/dbase/interpreter.go:292.8,296.3 2 0
github.com/Valentin-Kaiser/go-dbase/dbase/interpreter.go:297.2,297.17 1 0
github.com/Valentin-Kaiser/go-dbase/dbase/interpreter.go:297.17,299.3 1 0
github.com/Valentin-Kaiser/go-dbase/dbase/interpreter.go:300.2,300.58 1 0
github.com/Valentin-Kaiser/go-dbase/dbase/interpreter.go:304.75,306.2 1 2
github.com/Valentin-Kaiser/go-dbase/dbase/interpreter.go:309.81,311.9 2 0
github.com/Valentin-Kaiser/go-dbase/dbase/interpreter.go:311.9,313.3 1 0
github.com/Valentin-Kaiser/go-dbase/dbase/interpreter.go:314.2,316.16 3 0
github.com/Valentin-Kaiser/go-dbase/dbase/interpreter.go:316.16,318.3 1 0
github.com/Valentin-Kaiser/go-dbase/dbase/interpreter.go:319.2,320.42 2 0
github.com/Valentin-Kaiser/go-dbase/dbase/interpreter.go:320.42,322.3 1 0
github.com/Valentin-Kaiser/go-dbase/dbase/interpreter.go:323.2,323.17 1 0
github.com/Valentin-Kaiser/go-dbase/dbase/interpreter.go:327.78,330.16 2 2
github.com/Valentin-Kaiser/go-dbase/dbase/interpreter.go:330.16,332.3 1 0
github.com/Valentin-Kaiser/go-dbase/dbase/interpreter.go:333.2,333.18 1 2
github.com/Valentin-Kaiser/go-dbase/dbase/interpreter.go:337.79,339.9 2 0
github.com/Valentin-Kaiser/go-dbase/dbase/interpreter.go:339.9,341.10 2 0
github.com/Valentin-Kaiser/go-dbase/dbase/interpreter.go:341.10,343.4 1 0
github.com/Valentin-Kaiser/go-dbase/dbase/interpreter.go:344.3,345.17 2 0
github.com/Valentin-Kaiser/go-dbase/dbase/interpreter.go:345.17,347.4 1 0
github.com/Valentin-Kaiser/go-dbase/dbase/interpreter.go:348.3,348.8 1 0
github.com/Valentin-Kaiser/go-dbase/dbase/interpreter.go:350.2,353.42 4 0
github.com/Valentin-Kaiser/go-dbase/dbase/interpreter.go:353.42,355.3 1 0
github.com/Valentin-Kaiser/go-dbase/dbase/interpreter.go:356.2,356.17 1 0
github.com/Valentin-Kaiser/go-dbase/dbase/interpreter.go:360.77,362.2 1 2
github.com/Valentin-Kaiser/go-dbase/dbase/interpreter.go:365.83,367.9 2 0
github.com/Valentin-Kaiser/go-dbase/dbase/interpreter.go:367.9,369.10 2 0
github.com/Valentin-Kaiser/go-dbase/dbase/interpreter.go:369.10,371.4 1 0
github.com/Valentin-Kaiser/go-dbase/dbase/interpreter.go:372.3,373.17 2 0
github.com/Valentin-Kaiser/go-dbase/dbase/interpreter.go:373.17,375.4 1 0
github.com/Valentin-Kaiser/go-dbase/dbase/interpreter.go:376.3,376.17 1 0
github.com/Valentin-Kaiser/go-dbase/dbase/interpreter.go:378.2,381.16 4 0
github.com/Valentin-Kaiser/go-dbase/dbase/interpreter.go:381.16,383.3 1 0
github.com/Valentin-Kaiser/go-dbase/dbase/interpreter.go:384.2,387.16 4 0
github.com/Valentin-Kaiser/go-dbase/dbase/interpreter.go:387.16,389.3 1 0
github.com/Valentin-Kaiser/go-dbase/dbase/interpreter.go:390.2,391.42 2 0
github.com/Valentin-Kaiser/go-dbase/dbase/interpreter.go:391.42,393.3 1 0
github.com/Valentin-Kaiser/go-dbase/dbase/interpreter.go:394.2,394.17 1 0
github.com/Valentin-Kaiser/go-dbase/dbase/interpreter.go:398.76,400.2 1 2
github.com/Valentin-Kaiser/go-dbase/dbase/interpreter.go:403.82,405.9 2 0
github.com/Valentin-Kaiser/go-dbase/dbase/interpreter.go:405.9,407.3 1 0
github.com/Valentin-Kaiser/go-dbase/dbase/interpreter.go:408.2,409.7 2 0
github.com/Valentin-Kaiser/go-dbase/dbase/interpreter.go:409.7,411.3 1 0
github.com/Valentin-Kaiser/go-dbase/dbase/interpreter.go:412.2,412.17 1 0
github.com/Valentin-Kaiser/go-dbase/dbase/interpreter.go:416.72,418.2 1 2
github.com/Valentin-Kaiser/go-dbase/dbase/interpreter.go:421.78,423.39 1 0
github.com/Valentin-Kaiser/go-dbase/dbase/interpreter.go:423.39,425.3 1 0
github.com/Valentin-Kaiser/go-dbase/dbase/interpreter.go:426.2,427.9 2 0
github.com/Valentin-Kaiser/go-dbase/dbase/interpreter.go:427.9,429.3 1 0
github.com/Valentin-Kaiser/go-dbase/dbase/interpreter.go:430.2,430.17 1 0
github.com/Valentin-Kaiser/go-dbase/dbase/interpreter.go:434.81,435.26 1 4
github.com/Valentin-Kaiser/go-dbase/dbase/interpreter.go:435.26,437.17 2 2
github.com/Valentin-Kaiser/go-dbase/dbase/interpreter.go:437.17,439.4 1 0
github.com/Valentin-Kaiser/go-dbase/dbase/interpreter.go:440.3,440.16 1 2
github.com/Valentin-Kaiser/go-dbase/dbase/interpreter.go:443.2,443.37 1 2
github.com/Valentin-Kaiser/go-dbase/dbase/interpreter.go:447.92,451.9 3 0
github.com/Valentin-Kaiser/go-dbase/dbase/interpreter.go:451.9,452.29 1 0
github.com/Valentin-Kaiser/go-dbase/dbase/interpreter.go:452.29,455.4 1 0
github.com/Valentin-Kaiser/go-dbase/dbase/interpreter.go:455.9,459.4 2 0
github.com/Valentin-Kaiser/go-dbase/dbase/interpreter.go:461.2,462.9 2 0
github.com/Valentin-Kaiser/go-dbase/dbase/interpreter.go:462.9,464.3 1 0
github.com/Valentin-Kaiser/go-dbase/dbase/interpreter.go:465.2,465.18 1 0
github.com/Valentin-Kaiser/go-dbase/dbase/interpreter.go:465.18,467.3 1 0
github.com/Valentin-Kaiser/go-dbase/dbase/interpreter.go:468.2,468.17 1 0
github.com/Valentin-Kaiser/go-dbase/dbase/interpreter.go:468.17,470.3 1 0
github.com/Valentin-Kaiser/go-dbase/dbase/interpreter.go:471.2,471.58 1 0
github.com/Valentin-Kaiser/go-dbase/dbase/interpreter.go:474.81,476.16 2 4
github.com/Valentin-Kaiser/go-dbase/dbase/interpreter.go:476.16,478.3 1 0
github.com/Valentin-Kaiser/go-dbase/dbase/interpreter.go:479.2,479.10 1 4
github.com/Valentin-Kaiser/go-dbase/dbase/interpreter.go:479.10,481.3 1 0
github.com/Valentin-Kaiser/go-dbase/dbase/interpreter.go:482.2,482.12 1 4
github.com/Valentin-Kaiser/go-dbase/dbase/interpreter.go:482.12,485.3 2 4
github.com/Valentin-Kaiser/go-dbase/dbase/interpreter.go:486.2,486.25 1 4
github.com/Valentin-Kaiser/go-dbase/dbase/interpreter.go:489.82,491.8 2 0
github.com/Valentin-Kaiser/go-dbase/dbase/interpreter.go:491.8,493.3 1 0
github.com/Valentin-Kaiser/go-dbase/dbase/interpreter.go:494.2,495.8 2 0
github.com/Valentin-Kaiser/go-dbase/dbase/interpreter.go:495.8,497.3 1 0
github.com/Valentin-Kaiser/go-dbase/dbase/interpreter.go:498.2,498.111 1 0
github.com/Valentin-Kaiser/go-dbase/dbase/interpreter.go:501.83,503.16 2 2
github.com/Valentin-Kaiser/go-dbase/dbase/interpreter.go:503.16,505.3 1 0
github.com/Valentin-Kaiser/go-dbase/dbase/interpreter.go:506.2,506.10 1 2
github.com/Valentin-Kaiser/go-dbase/dbase/interpreter.go:506.10,508.3 1 0
github.com/Valentin-Kaiser/go-dbase/dbase/interpreter.go:509.2,509.12 1 2
github.com/Valentin-Kaiser/go-dbase/dbase/interpreter.go:509.12,512.3 2 2
github.com/Valentin-Kaiser/go-dbase/dbase/interpreter.go:513.2,513.17 1 2
github.com/Valentin-Kaiser/go-dbase/dbase/interpreter.go:516.84,518.9 2 0
github.com/Valentin-Kaiser/go-dbase/dbase/interpreter.go:518.9,520.3 1 0
github.com/Valentin-Kaiser/go-dbase/dbase/interpreter.go:521.2,521.17 1 0
github.com/Valentin-Kaiser/go-dbase/dbase/interpreter.go:524.34,525.29 1 38
github.com/Valentin-Kaiser/go-dbase/dbase/interpreter.go:525.29,527.3 1 0
github.com/Valentin-Kaiser/go-dbase/dbase/interpreter.go:529.2,529.22 1 38
github.com/Valentin-Kaiser/go-dbase/dbase/interpreter.go:529.22,530.13 1 110
github.com/Valentin-Kaiser/go-dbase/dbase/interpreter.go:530.13,532.4 1 14
github.com/Valentin-Kaiser/go-dbase/dbase/interpreter.go:534.2,534.13 1 24
github.com/Valentin-Kaiser/go-dbase/dbase/io.go:32.47,33.22 1 24
github.com/Valentin-Kaiser/go-dbase/dbase/io.go:33.22,35.3 1 24
github.com/Valentin-Kaiser/go-dbase/dbase/io.go:36.2,36.36 1 24
github.com/Valentin-Kaiser/go-dbase/dbase/io.go:40.33,42.2 1 21
github.com/Valentin-Kaiser/go-dbase/dbase/io.go:45.34,47.2 1 0
github.com/Valentin-Kaiser/go-dbase/dbase/io.go:50.38,52.2 1 21
github.com/Valentin-Kaiser/go-dbase/dbase/io.go:55.39,57.2 1 0
github.com/Valentin-Kaiser/go-dbase/dbase/io.go:60.61,62.2 1 21
github.com/Valentin-Kaiser/go-dbase/dbase/io.go:65.40,67.2 1 0
github.com/Valentin-Kaiser/go-dbase/dbase/io.go:70.42,72.2 1 15
github.com/Valentin-Kaiser/go-dbase/dbase/io.go:76.51,78.2 1 0
github.com/Valentin-Kaiser/go-dbase/dbase/io.go:81.60,83.2 1 14
github.com/Valentin-Kaiser/go-dbase/dbase/io.go:86.44,88.2 1 0
github.com/Valentin-Kaiser/go-dbase/dbase/io.go:92.66,94.2 1 14
github.com/Valentin-Kaiser/go-dbase/dbase/io.go:97.97,99.2 1 0
github.com/Valentin-Kaiser/go-dbase/dbase/io.go:106.85,108.2 1 6
github.com/Valentin-Kaiser/go-dbase/dbase/io.go:111.73,113.2 1 3
github.com/Valentin-Kaiser/go-dbase/dbase/io.go:117.42,119.2 1 13
github.com/Valentin-Kaiser/go-dbase/dbase/io.go:125.38,127.2 1 3
github.com/Valentin-Kaiser/go-dbase/dbase/io.go:130.43,132.2 1 0
github.com/Valentin-Kaiser/go-dbase/dbase/io.go:135.30,137.2 1 0
github.com/Valentin-Kaiser/go-dbase/dbase/io.go:140.58,142.2 1 0
github.com/Valentin-Kaiser/go-dbase/dbase/io.go:145.36,146.20 1 131
github.com/Valentin-Kaiser/go-dbase/dbase/io.go:146.20,148.3 1 0
github.com/Valentin-Kaiser/go-dbase/dbase/io.go:149.2,149.13 1 131
github.com/Valentin-Kaiser/go-dbase/dbase/io.go:153.61,154.14 1 21
github.com/Valentin-Kaiser/go-dbase/dbase/io.go:154.14,156.3 1 0
github.com/Valentin-Kaiser/go-dbase/dbase/io.go:157.2,158.17 2 21
github.com/Valentin-Kaiser/go-dbase/dbase/io.go:159.10,160.77 1 0
github.com/Valentin-Kaiser/go-dbase/dbase/io.go:161.64,162.13 1 21
github.com/Valentin-Kaiser/go-dbase/dbase/io_generic.go:23.61,24.19 1 0
github.com/Valentin-Kaiser/go-dbase/dbase/io_generic.go:24.19,26.3 1 0
github.com/Valentin-Kaiser/go-dbase/dbase/io_generic.go:27.2,39.16 6 0
github.com/Valentin-Kaiser/go-dbase/dbase/io_generic.go:39.16,41.3 1 0
github.com/Valentin-Kaiser/go-dbase/dbase/io_generic.go:43.2,43.83 1 0
github.com/Valentin-Kaiser/go-dbase/dbase/io_generic.go:43.83,45.3 1 0
github.com/Valentin-Kaiser/go-dbase/dbase/io_generic.go:46.2,47.16 2 0
github.com/Valentin-Kaiser/go-dbase/dbase/io_generic.go:47.16,49.3 1 0
github.com/Valentin-Kaiser/go-dbase/dbase/io_generic.go:50.2,57.57 3 0
github.com/Valentin-Kaiser/go-dbase/dbase/io_generic.go:57.57,58.30 1 0
github.com/Valentin-Kaiser/go-dbase/dbase/io_generic.go:58.30,60.4 1 0
github.com/Valentin-Kaiser/go-dbase/dbase/io_generic.go:61.3,63.109 3 0
github.com/Valentin-Kaiser/go-dbase/dbase/io_generic.go:66.2,66.89 1 0
github.com/Valentin-Kaiser/go-dbase/dbase/io_generic.go:66.89,68.3 1 0
github.com/Valentin-Kaiser/go-dbase/dbase/io_generic.go:73.2,73.46 1 0
github.com/Valentin-Kaiser/go-dbase/dbase/io_generic.go:73.46,74.32 1 0
github.com/Valentin-Kaiser/go-dbase/dbase/io_generic.go:74.32,76.4 1 0
github.com/Valentin-Kaiser/go-dbase/dbase/io_generic.go:77.3,78.17 2 0
github.com/Valentin-Kaiser/go-dbase/dbase/io_generic.go:78.17,80.4 1 0
github.com/Valentin-Kaiser/go-dbase/dbase/io_generic.go:82.2,82.18 1 0
github.com/Valentin-Kaiser/go-dbase/dbase/io_generic.go:85.44,86.24 1 0
github.com/Valentin-Kaiser/go-dbase/dbase/io_generic.go:86.24,88.10 2 0
github.com/Valentin-Kaiser/go-dbase/dbase/io_generic.go:88.10,90.4 1 0
github.com/Valentin-Kaiser/go-dbase/dbase/io_generic.go:92.3,94.17 3 0
github.com/Valentin-Kaiser/go-dbase/dbase/io_generic.go:94.17,96.4 1 0
github.com/Valentin-Kaiser/go-dbase/dbase/io_generic.go:98.2,98.31 1 0
github.com/Valentin-Kaiser/go-dbase/dbase/io_generic.go:98.31,100.10 2 0
github.com/Valentin-Kaiser/go-dbase/dbase/io_generic.go:100.10,102.4 1 0
github.com/Valentin-Kaiser/go-dbase/dbase/io_generic.go:104.3,106.17 3 0
github.com/Valentin-Kaiser/go-dbase/dbase/io_generic.go:106.17,108.4 1 0
github.com/Valentin-Kaiser/go-dbase/dbase/io_generic.go:110.2,110.12 1 0
github.com/Valentin-Kaiser/go-dbase/dbase/io_generic.go:113.45,115.28 2 0
github.com/Valentin-Kaiser/go-dbase/dbase/io_generic.go:115.28,117.3 1 0
github.com/Valentin-Kaiser/go-dbase/dbase/io_generic.go:118.2,118.12 1 0
github.com/Valentin-Kaiser/go-dbase/dbase/io_generic.go:121.49,124.16 3 0
github.com/Valentin-Kaiser/go-dbase/dbase/io_generic.go:124.16,126.3 1 0
github.com/Valentin-Kaiser/go-dbase/dbase/io_generic.go:127.2,128.16 2 0
github.com/Valentin-Kaiser/go-dbase/dbase/io_generic.go:128.16,130.3 1 0
github.com/Valentin-Kaiser/go-dbase/dbase/io_generic.go:131.2,133.16 3 0
github.com/Valentin-Kaiser/go-dbase/dbase/io_generic.go:133.16,135.3 1 0
github.com/Valentin-Kaiser/go-dbase/dbase/io_generic.go:136.2,139.16 3 0
github.com/Valentin-Kaiser/go-dbase/dbase/io_generic.go:139.16,141.3 1 0
github.com/Valentin-Kaiser/go-dbase/dbase/io_generic.go:142.2,143.12 2 0
github.com/Valentin-Kaiser/go-dbase/dbase/io_generic.go:146.50,149.16 3 0
github.com/Valentin-Kaiser/go-dbase/dbase/io_generic.go:149.16,151.3 1 0
github.com/Valentin-Kaiser/go-dbase/dbase/io_generic.go:152.2,153.16 2 0
github.com/Valentin-Kaiser/go-dbase/dbase/io_generic.go:153.16,155.3 1 0
github.com/Valentin-Kaiser/go-dbase/dbase/io_generic.go:157.2,163.16 6 0
github.com/Valentin-Kaiser/go-dbase/dbase/io_generic.go:163.16,165.3 1 0
github.com/Valentin-Kaiser/go-dbase/dbase/io_generic.go:167.2,168.16 2 0
github.com/Valentin-Kaiser/go-dbase/dbase/io_generic.go:168.16,170.3 1 0
github.com/Valentin-Kaiser/go-dbase/dbase/io_generic.go:172.2,172.27 1 0
github.com/Valentin-Kaiser/go-dbase/dbase/io_generic.go:172.27,174.3 1 0
github.com/Valentin-Kaiser/go-dbase/dbase/io_generic.go:176.2,176.12 1 0
github.com/Valentin-Kaiser/go-dbase/dbase/io_generic.go:179.72,182.16 3 0
github.com/Valentin-Kaiser/go-dbase/dbase/io_generic.go:182.16,184.3 1 0
github.com/Valentin-Kaiser/go-dbase/dbase/io_generic.go:185.2,189.6 5 0
github.com/Valentin-Kaiser/go-dbase/dbase/io_generic.go:189.6,191.51 1 0
github.com/Valentin-Kaiser/go-dbase/dbase/io_generic.go:191.51,193.4 1 0
github.com/Valentin-Kaiser/go-dbase/dbase/io_generic.go:194.3,194.43 1 0
github.com/Valentin-Kaiser/go-dbase/dbase/io_generic.go:194.43,196.4 1 0
github.com/Valentin-Kaiser/go-dbase/dbase/io_generic.go:197.3,197.32 1 0
github.com/Valentin-Kaiser/go-dbase/dbase/io_generic.go:197.32,198.9 1 0
github.com/Valentin-Kaiser/go-dbase/dbase/io_generic.go:201.3,201.47 1 0
github.com/Valentin-Kaiser/go-dbase/dbase/io_generic.go:201.47,203.4 1 0
github.com/Valentin-Kaiser/go-dbase/dbase/io_generic.go:204.3,206.17 3 0
github.com/Valentin-Kaiser/go-dbase/dbase/io_generic.go:206.17,208.4 1 0
github.com/Valentin-Kaiser/go-dbase/dbase/io_generic.go:209.3,211.17 3 0
github.com/Valentin-Kaiser/go-dbase/dbase/io_generic.go:211.17,213.4 1 0
github.com/Valentin-Kaiser/go-dbase/dbase/io_generic.go:214.3,214.36 1 0
github.com/Valentin-Kaiser/go-dbase/dbase/io_generic.go:214.36,218.12 4 0
github.com/Valentin-Kaiser/go-dbase/dbase/io_generic.go:220.3,222.15 3 0
github.com/Valentin-Kaiser/go-dbase/dbase/io_generic.go:224.2,224.31 1 0
github.com/Valentin-Kaiser/go-dbase/dbase/io_generic.go:227.51,230.16 3 0
github.com/Valentin-Kaiser/go-dbase/dbase/io_generic.go:230.16,232.3 1 0
github.com/Valentin-Kaiser/go-dbase/dbase/io_generic.go:234.2,235.16 2 0
github.com/Valentin-Kaiser/go-dbase/dbase/io_generic.go:235.16,237.3 1 0
github.com/Valentin-Kaiser/go-dbase/dbase/io_generic.go:239.2,240.44 2 0
github.com/Valentin-Kaiser/go-dbase/dbase/io_generic.go:240.44,243.17 3 0
github.com/Valentin-Kaiser/go-dbase/dbase/io_generic.go:243.17,245.4 1 0
github.com/Valentin-Kaiser/go-dbase/dbase/io_generic.go:247.2,247.32 1 0
github.com/Valentin-Kaiser/go-dbase/dbase/io_generic.go:247.32,250.17 3 0
github.com/Valentin-Kaiser/go-dbase/dbase/io_generic.go:250.17,252.4 1 0
github.com/Valentin-Kaiser/go-dbase/dbase/io_generic.go:254.2,255.16 2 0
github.com/Valentin-Kaiser/go-dbase/dbase/io_generic.go:255.16,257.3 1 0
github.com/Valentin-Kaiser/go-dbase/dbase/io_generic.go:259.2,260.16 2 0
github.com/Valentin-Kaiser/go-dbase/dbase/io_generic.go:260.16,262.3 1 0
github.com/Valentin-Kaiser/go-dbase/dbase/io_generic.go:264.2,265.32 2 0
github.com/Valentin-Kaiser/go-dbase/dbase/io_generic.go:265.32,267.3 1 0
github.com/Valentin-Kaiser/go-dbase/dbase/io_generic.go:268.2,269.16 2 0
github.com/Valentin-Kaiser/go-dbase/dbase/io_generic.go:269.16,271.3 1 0
github.com/Valentin-Kaiser/go-dbase/dbase/io_generic.go:272.2,272.12 1 0
github.com/Valentin-Kaiser/go-dbase/dbase/io_generic.go:275.53,278.16 3 0
github.com/Valentin-Kaiser/go-dbase/dbase/io_generic.go:278.16,280.3 1 0
github.com/Valentin-Kaiser/go-dbase/dbase/io_generic.go:281.2,282.52 2 0
github.com/Valentin-Kaiser/go-dbase/dbase/io_generic.go:282.52,284.3 1 0
github.com/Valentin-Kaiser/go-dbase/dbase/io_generic.go:285.2,287.16 3 0
github.com/Valentin-Kaiser/go-dbase/dbase/io_generic.go:287.16,290.3 1 0
github.com/Valentin-Kaiser/go-dbase/dbase/io_generic.go:291.2,292.16 2 0
github.com/Valentin-Kaiser/go-dbase/dbase/io_generic.go:292.16,294.3 1 0
github.com/Valentin-Kaiser/go-dbase/dbase/io_generic.go:295.2,297.12 3 0
github.com/Valentin-Kaiser/go-dbase/dbase/io_generic.go:300.64,302.16 2 0
github.com/Valentin-Kaiser/go-dbase/dbase/io_generic.go:302.16,304.3 1 0
github.com/Valentin-Kaiser/go-dbase/dbase/io_generic.go:305.2,308.16 3 0
github.com/Valentin-Kaiser/go-dbase/dbase/io_generic.go:308.16,310.3 1 0
github.com/Valentin-Kaiser/go-dbase/dbase/io_generic.go:312.2,319.16 7 0
github.com/Valentin-Kaiser/go-dbase/dbase/io_generic.go:319.16,321.3 1 0
github.com/Valentin-Kaiser/go-dbase/dbase/io_generic.go:323.2,324.16 2 0
github.com/Valentin-Kaiser/go-dbase/dbase/io_generic.go:324.16,326.3 1 0
github.com/Valentin-Kaiser/go-dbase/dbase/io_generic.go:327.2,327.12 1 0
github.com/Valentin-Kaiser/go-dbase/dbase/io_generic.go:330.79,332.16 2 0
github.com/Valentin-Kaiser/go-dbase/dbase/io_generic.go:332.16,334.3 1 0
github.com/Valentin-Kaiser/go-dbase/dbase/io_generic.go:336.2,337.16 2 0
github.com/Valentin-Kaiser/go-dbase/dbase/io_generic.go:337.16,339.3 1 0
github.com/Valentin-Kaiser/go-dbase/dbase/io_generic.go:340.2,344.16 4 0
github.com/Valentin-Kaiser/go-dbase/dbase/io_generic.go:344.16,346.3 1 0
github.com/Valentin-Kaiser/go-dbase/dbase/io_generic.go:350.2,352.16 3 0
github.com/Valentin-Kaiser/go-dbase/dbase/io_generic.go:352.16,354.3 1 0
github.com/Valentin-Kaiser/go-dbase/dbase/io_generic.go:355.2,358.15 4 0
github.com/Valentin-Kaiser/go-dbase/dbase/io_generic.go:358.15,361.3 1 0
github.com/Valentin-Kaiser/go-dbase/dbase/io_generic.go:363.2,365.16 3 0
github.com/Valentin-Kaiser/go-dbase/dbase/io_generic.go:365.16,367.3 1 0
github.com/Valentin-Kaiser/go-dbase/dbase/io_generic.go:368.2,368.23 1 0
github.com/Valentin-Kaiser/go-dbase/dbase/io_generic.go:368.23,370.3 1 0
github.com/Valentin-Kaiser/go-dbase/dbase/io_generic.go:371.2,371.15 1 0
github.com/Valentin-Kaiser/go-dbase/dbase/io_generic.go:371.15,373.17 2 0
github.com/Valentin-Kaiser/go-dbase/dbase/io_generic.go:373.17,375.4 1 0
github.com/Valentin-Kaiser/go-dbase/dbase/io_generic.go:377.2,377.28 1 0
github.com/Valentin-Kaiser/go-dbase/dbase/io_generic.go:380.109,381.23 1 0
github.com/Valentin-Kaiser/go-dbase/dbase/io_generic.go:381.23,384.3 2 0
github.com/Valentin-Kaiser/go-dbase/dbase/io_generic.go:385.2,388.16 4 0
github.com/Valentin-Kaiser/go-dbase/dbase/io_generic.go:388.16,390.3 1 0
github.com/Valentin-Kaiser/go-dbase/dbase/io_generic.go:392.2,394.49 3 0
github.com/Valentin-Kaiser/go-dbase/dbase/io_generic.go:394.49,396.48 2 0
github.com/Valentin-Kaiser/go-dbase/dbase/io_generic.go:396.48,398.4 1 0
github.com/Valentin-Kaiser/go-dbase/dbase/io_generic.go:400.2,400.28 1 0
github.com/Valentin-Kaiser/go-dbase/dbase/io_generic.go:400.28,403.3 2 0
github.com/Valentin-Kaiser/go-dbase/dbase/io_generic.go:405.2,406.16 2 0
github.com/Valentin-Kaiser/go-dbase/dbase/io_generic.go:406.16,408.3 1 0
github.com/Valentin-Kaiser/go-dbase/dbase/io_generic.go:410.2,412.10 2 0
github.com/Valentin-Kaiser/go-dbase/dbase/io_generic.go:412.10,414.3 1 0
github.com/Valentin-Kaiser/go-dbase/dbase/io_generic.go:414.8,416.3 1 0
github.com/Valentin-Kaiser/go-dbase/dbase/io_generic.go:418.2,425.16 6 0
github.com/Valentin-Kaiser/go-dbase/dbase/io_generic.go:425.16,427.3 1 0
github.com/Valentin-Kaiser/go-dbase/dbase/io_generic.go:429.2,430.16 2 0
github.com/Valentin-Kaiser/go-dbase/dbase/io_generic.go:430.16,432.3 1 0
github.com/Valentin-Kaiser/go-dbase/dbase/io_generic.go:434.2,435.16 2 0
github.com/Valentin-Kaiser/go-dbase/dbase/io_generic.go:435.16,437.3 1 0
github.com/Valentin-Kaiser/go-dbase/dbase/io_generic.go:438.2,438.21 1 0
github.com/Valentin-Kaiser/go-dbase/dbase/io_generic.go:441.98,443.16 2 0
github.com/Valentin-Kaiser/go-dbase/dbase/io_generic.go:443.16,445.3 1 0
github.com/Valentin-Kaiser/go-dbase/dbase/io_generic.go:446.2,446.108 1 0
github.com/Valentin-Kaiser/go-dbase/dbase/io_generic.go:446.108,448.3 1 0
github.com/Valentin-Kaiser/go-dbase/dbase/io_generic.go:449.2,452.16 4 0
github.com/Valentin-Kaiser/go-dbase/dbase/io_generic.go:452.16,454.3 1 0
github.com/Valentin-Kaiser/go-dbase/dbase/io_generic.go:455.2,457.16 3 0
github.com/Valentin-Kaiser/go-dbase/dbase/io_generic.go:457.16,459.3 1 0
github.com/Valentin-Kaiser/go-dbase/dbase/io_generic.go:460.2,460.42 1 0
github.com/Valentin-Kaiser/go-dbase/dbase/io_generic.go:460.42,462.3 1 0
github.com/Valentin-Kaiser/go-dbase/dbase/io_generic.go:463.2,463.87 1 0
github.com/Valentin-Kaiser/go-dbase/dbase/io_generic.go:463.87,466.3 2 0
github.com/Valentin-Kaiser/go-dbase/dbase/io_generic.go:467.2,468.53 2 0
github.com/Valentin-Kaiser/go-dbase/dbase/io_generic.go:471.73,473.16 2 0
github.com/Valentin-Kaiser/go-dbase/dbase/io_generic.go:473.16,475.3 1 0
github.com/Valentin-Kaiser/go-dbase/dbase/io_generic.go:476.2,476.39 1 0
github.com/Valentin-Kaiser/go-dbase/dbase/io_generic.go:476.39,478.3 1 0
github.com/Valentin-Kaiser/go-dbase/dbase/io_generic.go:479.2,483.16 5 0
github.com/Valentin-Kaiser/go-dbase/dbase/io_generic.go:483.16,485.3 1 0
github.com/Valentin-Kaiser/go-dbase/dbase/io_generic.go:486.2,487.16 2 0
github.com/Valentin-Kaiser/go-dbase/dbase/io_generic.go:487.16,489.3 1 0
github.com/Valentin-Kaiser/go-dbase/dbase/io_generic.go:490.2,490.40 1 0
github.com/Valentin-Kaiser/go-dbase/dbase/io_generic.go:490.40,492.3 1 0
github.com/Valentin-Kaiser/go-dbase/dbase/io_generic.go:493.2,493.17 1 0
github.com/Valentin-Kaiser/go-dbase/dbase/io_generic.go:496.57,501.16 5 0
github.com/Valentin-Kaiser/go-dbase/dbase/io_generic.go:501.16,503.3 1 0
github.com/Valentin-Kaiser/go-dbase/dbase/io_generic.go:505.2,506.16 2 0
github.com/Valentin-Kaiser/go-dbase/dbase/io_generic.go:506.16,508.3 1 0
github.com/Valentin-Kaiser/go-dbase/dbase/io_generic.go:510.2,511.49 2 0
github.com/Valentin-Kaiser/go-dbase/dbase/io_generic.go:511.49,514.3 2 0
github.com/Valentin-Kaiser/go-dbase/dbase/io_generic.go:515.2,516.16 2 0
github.com/Valentin-Kaiser/go-dbase/dbase/io_generic.go:516.16,518.3 1 0
github.com/Valentin-Kaiser/go-dbase/dbase/io_generic.go:519.2,522.16 3 0
github.com/Valentin-Kaiser/go-dbase/dbase/io_generic.go:522.16,524.3 1 0
github.com/Valentin-Kaiser/go-dbase/dbase/io_generic.go:526.2,527.16 2 0
github.com/Valentin-Kaiser/go-dbase/dbase/io_generic.go:527.16,529.3 1 0
github.com/Valentin-Kaiser/go-dbase/dbase/io_generic.go:530.2,530.12 1 0
github.com/Valentin-Kaiser/go-dbase/dbase/io_generic.go:533.86,534.34 1 0
github.com/Valentin-Kaiser/go-dbase/dbase/io_generic.go:534.34,536.3 1 0
github.com/Valentin-Kaiser/go-dbase/dbase/io_generic.go:537.2,538.16 2 0
github.com/Valentin-Kaiser/go-dbase/dbase/io_generic.go:538.16,540.3 1 0
github.com/Valentin-Kaiser/go-dbase/dbase/io_generic.go:541.2,544.16 3 0
github.com/Valentin-Kaiser/go-dbase/dbase/io_generic.go:544.16,546.3 1 0
github.com/Valentin-Kaiser/go-dbase/dbase/io_generic.go:548.2,550.53 3 0
github.com/Valentin-Kaiser/go-dbase/dbase/io_generic.go:550.53,556.17 5 0
github.com/Valentin-Kaiser/go-dbase/dbase/io_generic.go:556.17,557.12 1 0
github.com/Valentin-Kaiser/go-dbase/dbase/io_generic.go:559.3,561.17 3 0
github.com/Valentin-Kaiser/go-dbase/dbase/io_generic.go:561.17,562.12 1 0
github.com/Valentin-Kaiser/go-dbase/dbase/io_generic.go:564.3,564.39 1 0
github.com/Valentin-Kaiser/go-dbase/dbase/io_generic.go:564.39,565.12 1 0
github.com/Valentin-Kaiser/go-dbase/dbase/io_generic.go:568.3,568.31 1 0
github.com/Valentin-Kaiser/go-dbase/dbase/io_generic.go:568.31,571.18 3 0
github.com/Valentin-Kaiser/go-dbase/dbase/io_generic.go:571.18,572.13 1 0
github.com/Valentin-Kaiser/go-dbase/dbase/io_generic.go:574.4,575.18 2 0
github.com/Valentin-Kaiser/go-dbase/dbase/io_generic.go:575.18,576.13 1 0
github.com/Valentin-Kaiser/go-dbase/dbase/io_generic.go:578.4,578.28 1 0
github.com/Valentin-Kaiser/go-dbase/dbase/io_generic.go:581.2,581.18 1 0
github.com/Valentin-Kaiser/go-dbase/dbase/io_generic.go:584.55,585.33 1 0
github.com/Valentin-Kaiser/go-dbase/dbase/io_generic.go:585.33,588.3 2 0
github.com/Valentin-Kaiser/go-dbase/dbase/io_generic.go:589.2,591.12 3 0
github.com/Valentin-Kaiser/go-dbase/dbase/io_generic.go:594.51,596.44 2 0
github.com/Valentin-Kaiser/go-dbase/dbase/io_generic.go:596.44,598.3 1 0
github.com/Valentin-Kaiser/go-dbase/dbase/io_generic.go:599.2,599.16 1 0
github.com/Valentin-Kaiser/go-dbase/dbase/io_generic.go:599.16,601.3 1 0
github.com/Valentin-Kaiser/go-dbase/dbase/io_generic.go:602.2,603.78 2 0
github.com/Valentin-Kaiser/go-dbase/dbase/io_generic.go:606.54,607.52 1 0
github.com/Valentin-Kaiser/go-dbase/dbase/io_generic.go:607.52,609.3 1 0
github.com/Valentin-Kaiser/go-dbase/dbase/io_generic.go:610.2,611.9 2 0
github.com/Valentin-Kaiser/go-dbase/dbase/io_generic.go:611.9,613.3 1 0
github.com/Valentin-Kaiser/go-dbase/dbase/io_generic.go:615.2,617.16 3 0
github.com/Valentin-Kaiser/go-dbase/dbase/io_generic.go:617.16,619.3 1 0
github.com/Valentin-Kaiser/go-dbase/dbase/io_generic.go:620.2,622.16 3 0
github.com/Valentin-Kaiser/go-dbase/dbase/io_generic.go:622.16,624.3 1 0
github.com/Valentin-Kaiser/go-dbase/dbase/io_generic.go:625.2,625.15 1 0
github.com/Valentin-Kaiser/go-dbase/dbase/io_generic.go:625.15,627.3 1 0
github.com/Valentin-Kaiser/go-dbase/dbase/io_generic.go:628.2,628.39 1 0
github.com/Valentin-Kaiser/go-dbase/dbase/io_generic.go:631.70,633.9 2 0
github.com/Valentin-Kaiser/go-dbase/dbase/io_generic.go:633.9,635.3 1 0
github.com/Valentin-Kaiser/go-dbase/dbase/io_generic.go:636.2,636.54 1 0
github.com/Valentin-Kaiser/go-dbase/dbase/io_generic.go:636.54,638.3 1 0
github.com/Valentin-Kaiser/go-dbase/dbase/io_generic.go:639.2,639.20 1 0
github.com/Valentin-Kaiser/go-dbase/dbase/io_generic.go:642.77,644.9 2 0
github.com/Valentin-Kaiser/go-dbase/dbase/io_generic.go:644.9,646.3 1 0
github.com/Valentin-Kaiser/go-dbase/dbase/io_generic.go:647.2,647.54 1 0
github.com/Valentin-Kaiser/go-dbase/dbase/io_generic.go:647.54,649.3 1 0
github.com/Valentin-Kaiser/go-dbase/dbase/io_generic.go:650.2,650.20 1 0
github.com/Valentin-Kaiser/go-dbase/dbase/io_generic.go:654.41,659.16 4 38
github.com/Valentin-Kaiser/go-dbase/dbase/io_generic.go:659.16,661.3 1 2
github.com/Valentin-Kaiser/go-dbase/dbase/io_generic.go:663.2,663.29 1 36
github.com/Valentin-Kaiser/go-dbase/dbase/io_generic.go:663.29,664.47 1 189
github.com/Valentin-Kaiser/go-dbase/dbase/io_generic.go:664.47,666.4 1 36
github.com/Valentin-Kaiser/go-dbase/dbase/io_generic.go:669.2,669.55 1 0
github.com/Valentin-Kaiser/go-dbase/dbase/io_unix.go:23.58,24.19 1 24
github.com/Valentin-Kaiser/go-dbase/dbase/io_unix.go:24.19,26.3 1 0
github.com/Valentin-Kaiser/go-dbase/dbase/io_unix.go:28.2,28.50 1 24
github.com/Valentin-Kaiser/go-dbase/dbase/io_unix.go:28.50,30.3 1 1
github.com/Valentin-Kaiser/go-dbase/dbase/io_unix.go:31.2,35.16 5 23
github.com/Valentin-Kaiser/go-dbase/dbase/io_unix.go:35.16,37.3 1 2
github.com/Valentin-Kaiser/go-dbase/dbase/io_unix.go:38.2,39.21 2 21
github.com/Valentin-Kaiser/go-dbase/dbase/io_unix.go:39.21,41.3 1 0
github.com/Valentin-Kaiser/go-dbase/dbase/io_unix.go:42.2,42.22 1 21
github.com/Valentin-Kaiser/go-dbase/dbase/io_unix.go:42.22,44.3 1 0
github.com/Valentin-Kaiser/go-dbase/dbase/io_unix.go:45.2,46.16 2 21
github.com/Valentin-Kaiser/go-dbase/dbase/io_unix.go:46.16,48.3 1 0
github.com/Valentin-Kaiser/go-dbase/dbase/io_unix.go:49.2,57.16 3 21
github.com/Valentin-Kaiser/go-dbase/dbase/io_unix.go:57.16,59.3 1 0
github.com/Valentin-Kaiser/go-dbase/dbase/io_unix.go:61.2,61.83 1 21
github.com/Valentin-Kaiser/go-dbase/dbase/io_unix.go:61.83,63.3 1 0
github.com/Valentin-Kaiser/go-dbase/dbase/io_unix.go:64.2,65.16 2 21
github.com/Valentin-Kaiser/go-dbase/dbase/io_unix.go:65.16,67.3 1 0
github.com/Valentin-Kaiser/go-dbase/dbase/io_unix.go:68.2,75.57 3 21
github.com/Valentin-Kaiser/go-dbase/dbase/io_unix.go:75.57,79.3 3 9
github.com/Valentin-Kaiser/go-dbase/dbase/io_unix.go:81.2,81.89 1 21
github.com/Valentin-Kaiser/go-dbase/dbase/io_unix.go:81.89,83.3 1 0
github.com/Valentin-Kaiser/go-dbase/dbase/io_unix.go:85.2,86.16 2 21
github.com/Valentin-Kaiser/go-dbase/dbase/io_unix.go:86.16,88.3 1 0
github.com/Valentin-Kaiser/go-dbase/dbase/io_unix.go:90.2,90.18 1 21
github.com/Valentin-Kaiser/go-dbase/dbase/io_unix.go:96.87,97.46 1 21
github.com/Valentin-Kaiser/go-dbase/dbase/io_unix.go:97.46,99.16 2 15
github.com/Valentin-Kaiser/go-dbase/dbase/io_unix.go:99.16,101.4 1 3
github.com/Valentin-Kaiser/go-dbase/dbase/io_unix.go:102.3,103.17 2 15
github.com/Valentin-Kaiser/go-dbase/dbase/io_unix.go:103.17,105.4 1 0
github.com/Valentin-Kaiser/go-dbase/dbase/io_unix.go:106.3,108.17 3 15
github.com/Valentin-Kaiser/go-dbase/dbase/io_unix.go:108.17,110.4 1 0
github.com/Valentin-Kaiser/go-dbase/dbase/io_unix.go:111.3,113.17 3 15
github.com/Valentin-Kaiser/go-dbase/dbase/io_unix.go:113.17,115.4 1 0
github.com/Valentin-Kaiser/go-dbase/dbase/io_unix.go:118.2,118.12 1 21
github.com/Valentin-Kaiser/go-dbase/dbase/io_unix.go:121.41,122.24 1 21
github.com/Valentin-Kaiser/go-dbase/dbase/io_unix.go:122.24,124.17 2 21
github.com/Valentin-Kaiser/go-dbase/dbase/io_unix.go:124.17,126.4 1 0
github.com/Valentin-Kaiser/go-dbase/dbase/io_unix.go:128.3,130.17 3 21
github.com/Valentin-Kaiser/go-dbase/dbase/io_unix.go:130.17,132.4 1 0
github.com/Valentin-Kaiser/go-dbase/dbase/io_unix.go:134.2,134.31 1 21
github.com/Valentin-Kaiser/go-dbase/dbase/io_unix.go:134.31,136.17 2 15
github.com/Valentin-Kaiser/go-dbase/dbase/io_unix.go:136.17,138.4 1 0
github.com/Valentin-Kaiser/go-dbase/dbase/io_unix.go:140.3,142.17 3 15
github.com/Valentin-Kaiser/go-dbase/dbase/io_unix.go:142.17,144.4 1 0
github.com/Valentin-Kaiser/go-dbase/dbase/io_unix.go:146.2,146.12 1 21
github.com/Valentin-Kaiser/go-dbase/dbase/io_unix.go:149.42,152.36 2 0
github.com/Valentin-Kaiser/go-dbase/dbase/io_unix.go:152.36,154.3 1 0
github.com/Valentin-Kaiser/go-dbase/dbase/io_unix.go:156.2,156.67 1 0
github.com/Valentin-Kaiser/go-dbase/dbase/io_unix.go:156.67,158.3 1 0
github.com/Valentin-Kaiser/go-dbase/dbase/io_unix.go:160.2,160.57 1 0
github.com/Valentin-Kaiser/go-dbase/dbase/io_unix.go:160.57,162.3 1 0
github.com/Valentin-Kaiser/go-dbase/dbase/io_unix.go:164.2,166.16 3 0
github.com/Valentin-Kaiser/go-dbase/dbase/io_unix.go:166.16,168.3 1 0
github.com/Valentin-Kaiser/go-dbase/dbase/io_unix.go:169.2,170.28 2 0
github.com/Valentin-Kaiser/go-dbase/dbase/io_unix.go:170.28,174.17 3 0
github.com/Valentin-Kaiser/go-dbase/dbase/io_unix.go:174.17,176.4 1 0
github.com/Valentin-Kaiser/go-dbase/dbase/io_unix.go:177.3,177.37 1 0
github.com/Valentin-Kaiser/go-dbase/dbase/io_unix.go:179.2,179.12 1 0
github.com/Valentin-Kaiser/go-dbase/dbase/io_unix.go:182.46,185.16 3 21
github.com/Valentin-Kaiser/go-dbase/dbase/io_unix.go:185.16,187.3 1 0
github.com/Valentin-Kaiser/go-dbase/dbase/io_unix.go:188.2,189.45 2 21
github.com/Valentin-Kaiser/go-dbase/dbase/io_unix.go:189.45,191.3 1 0
github.com/Valentin-Kaiser/go-dbase/dbase/io_unix.go:192.2,194.16 3 21
github.com/Valentin-Kaiser/go-dbase/dbase/io_unix.go:194.16,196.3 1 0
github.com/Valentin-Kaiser/go-dbase/dbase/io_unix.go:198.2,199.16 2 21
github.com/Valentin-Kaiser/go-dbase/dbase/io_unix.go:199.16,201.3 1 0
github.com/Valentin-Kaiser/go-dbase/dbase/io_unix.go:202.2,203.12 2 21
github.com/Valentin-Kaiser/go-dbase/dbase/io_unix.go:206.47,209.16 3 0
github.com/Valentin-Kaiser/go-dbase/dbase/io_unix.go:209.16,211.3 1 0
github.com/Valentin-Kaiser/go-dbase/dbase/io_unix.go:213.2,214.16 2 0
github.com/Valentin-Kaiser/go-dbase/dbase/io_unix.go:214.16,216.3 1 0
github.com/Valentin-Kaiser/go-dbase/dbase/io_unix.go:218.2,225.16 7 0
github.com/Valentin-Kaiser/go-dbase/dbase/io_unix.go:225.16,227.3 1 0
github.com/Valentin-Kaiser/go-dbase/dbase/io_unix.go:228.2,229.16 2 0
github.com/Valentin-Kaiser/go-dbase/dbase/io_unix.go:229.16,231.3 1 0
github.com/Valentin-Kaiser/go-dbase/dbase/io_unix.go:232.2,232.12 1 0
github.com/Valentin-Kaiser/go-dbase/dbase/io_unix.go:235.69,238.16 3 21
github.com/Valentin-Kaiser/go-dbase/dbase/io_unix.go:238.16,240.3 1 0
github.com/Valentin-Kaiser/go-dbase/dbase/io_unix.go:241.2,245.6 5 21
github.com/Valentin-Kaiser/go-dbase/dbase/io_unix.go:245.6,247.51 1 249
github.com/Valentin-Kaiser/go-dbase/dbase/io_unix.go:247.51,249.4 1 0
github.com/Valentin-Kaiser/go-dbase/dbase/io_unix.go:250.3,250.43 1 249
github.com/Valentin-Kaiser/go-dbase/dbase/io_unix.go:250.43,252.4 1 0
github.com/Valentin-Kaiser/go-dbase/dbase/io_unix.go:253.3,253.30 1 249
github.com/Valentin-Kaiser/go-dbase/dbase/io_unix.go:253.30,254.9 1 21
github.com/Valentin-Kaiser/go-dbase/dbase/io_unix.go:257.3,257.47 1 228
github.com/Valentin-Kaiser/go-dbase/dbase/io_unix.go:257.47,259.4 1 0
github.com/Valentin-Kaiser/go-dbase/dbase/io_unix.go:260.3,262.17 3 228
github.com/Valentin-Kaiser/go-dbase/dbase/io_unix.go:262.17,264.4 1 0
github.com/Valentin-Kaiser/go-dbase/dbase/io_unix.go:265.3,267.17 3 228
github.com/Valentin-Kaiser/go-dbase/dbase/io_unix.go:267.17,269.4 1 0
github.com/Valentin-Kaiser/go-dbase/dbase/io_unix.go:270.3,270.36 1 228
github.com/Valentin-Kaiser/go-dbase/dbase/io_unix.go:270.36,274.12 4 6
github.com/Valentin-Kaiser/go-dbase/dbase/io_unix.go:276.3,278.15 3 222
github.com/Valentin-Kaiser/go-dbase/dbase/io_unix.go:280.2,280.31 1 21
github.com/Valentin-Kaiser/go-dbase/dbase/io_unix.go:283.48,286.16 3 0
github.com/Valentin-Kaiser/go-dbase/dbase/io_unix.go:286.16,288.3 1 0
github.com/Valentin-Kaiser/go-dbase/dbase/io_unix.go:290.2,291.16 2 0
github.com/Valentin-Kaiser/go-dbase/dbase/io_unix.go:291.16,293.3 1 0
github.com/Valentin-Kaiser/go-dbase/dbase/io_unix.go:295.2,296.44 2 0
github.com/Valentin-Kaiser/go-dbase/dbase/io_unix.go:296.44,299.17 3 0
github.com/Valentin-Kaiser/go-dbase/dbase/io_unix.go:299.17,301.4 1 0
github.com/Valentin-Kaiser/go-dbase/dbase/io_unix.go:303.2,303.32 1 0
github.com/Valentin-Kaiser/go-dbase/dbase/io_unix.go:303.32,306.17 3 0
github.com/Valentin-Kaiser/go-dbase/dbase/io_unix.go:306.17,308.4 1 0
github.com/Valentin-Kaiser/go-dbase/dbase/io_unix.go:310.2,311.16 2 0
github.com/Valentin-Kaiser/go-dbase/dbase/io_unix.go:311.16,313.3 1 0
github.com/Valentin-Kaiser/go-dbase/dbase/io_unix.go:315.2,316.16 2 0
github.com/Valentin-Kaiser/go-dbase/dbase/io_unix.go:316.16,318.3 1 0
github.com/Valentin-Kaiser/go-dbase/dbase/io_unix.go:320.2,321.32 2 0
github.com/Valentin-Kaiser/go-dbase/dbase/io_unix.go:321.32,323.3 1 0
github.com/Valentin-Kaiser/go-dbase/dbase/io_unix.go:324.2,325.16 2 0
github.com/Valentin-Kaiser/go-dbase/dbase/io_unix.go:325.16,327.3 1 0
github.com/Valentin-Kaiser/go-dbase/dbase/io_unix.go:328.2,328.12 1 0
github.com/Valentin-Kaiser/go-dbase/dbase/io_unix.go:331.98,333.16 2 6
github.com/Valentin-Kaiser/go-dbase/dbase/io_unix.go:333.16,335.3 1 0
github.com/Valentin-Kaiser/go-dbase/dbase/io_unix.go:336.2,336.32 1 6
github.com/Valentin-Kaiser/go-dbase/dbase/io_unix.go:336.32,338.3 1 0
github.com/Valentin-Kaiser/go-dbase/dbase/io_unix.go:339.2,339.76 1 6
github.com/Valentin-Kaiser/go-dbase/dbase/io_unix.go:339.76,341.3 1 0
github.com/Valentin-Kaiser/go-dbase/dbase/io_unix.go:342.2,345.16 4 6
github.com/Valentin-Kaiser/go-dbase/dbase/io_unix.go:345.16,347.3 1 0
github.com/Valentin-Kaiser/go-dbase/dbase/io_unix.go:348.2,350.16 3 6
github.com/Valentin-Kaiser/go-dbase/dbase/io_unix.go:350.16,352.3 1 0
github.com/Valentin-Kaiser/go-dbase/dbase/io_unix.go:353.2,353.42 1 6
github.com/Valentin-Kaiser/go-dbase/dbase/io_unix.go:353.42,355.3 1 0
github.com/Valentin-Kaiser/go-dbase/dbase/io_unix.go:357.2,357.87 1 6
github.com/Valentin-Kaiser/go-dbase/dbase/io_unix.go:357.87,360.3 2 4
github.com/Valentin-Kaiser/go-dbase/dbase/io_unix.go:362.2,363.53 2 2
github.com/Valentin-Kaiser/go-dbase/dbase/io_unix.go:366.50,369.16 3 15
github.com/Valentin-Kaiser/go-dbase/dbase/io_unix.go:369.16,371.3 1 0
github.com/Valentin-Kaiser/go-dbase/dbase/io_unix.go:372.2,373.52 2 15
github.com/Valentin-Kaiser/go-dbase/dbase/io_unix.go:373.52,375.3 1 0
github.com/Valentin-Kaiser/go-dbase/dbase/io_unix.go:376.2,378.16 3 15
github.com/Valentin-Kaiser/go-dbase/dbase/io_unix.go:378.16,380.3 1 0
github.com/Valentin-Kaiser/go-dbase/dbase/io_unix.go:381.2,382.16 2 15
github.com/Valentin-Kaiser/go-dbase/dbase/io_unix.go:382.16,384.3 1 0
github.com/Valentin-Kaiser/go-dbase/dbase/io_unix.go:385.2,388.12 4 15
github.com/Valentin-Kaiser/go-dbase/dbase/io_unix.go:391.78,393.16 2 14
github.com/Valentin-Kaiser/go-dbase/dbase/io_unix.go:393.16,395.3 1 0
github.com/Valentin-Kaiser/go-dbase/dbase/io_unix.go:397.2,402.16 5 14
github.com/Valentin-Kaiser/go-dbase/dbase/io_unix.go:402.16,404.3 1 0
github.com/Valentin-Kaiser/go-dbase/dbase/io_unix.go:408.2,410.16 3 14
github.com/Valentin-Kaiser/go-dbase/dbase/io_unix.go:410.16,412.3 1 0
github.com/Valentin-Kaiser/go-dbase/dbase/io_unix.go:413.2,416.15 4 14
github.com/Valentin-Kaiser/go-dbase/dbase/io_unix.go:416.15,419.3 1 0
github.com/Valentin-Kaiser/go-dbase/dbase/io_unix.go:421.2,423.16 3 14
github.com/Valentin-Kaiser/go-dbase/dbase/io_unix.go:423.16,425.3 1 0
github.com/Valentin-Kaiser/go-dbase/dbase/io_unix.go:426.2,426.23 1 14
github.com/Valentin-Kaiser/go-dbase/dbase/io_unix.go:426.23,428.3 1 0
github.com/Valentin-Kaiser/go-dbase/dbase/io_unix.go:429.2,429.15 1 14
[...]
github.com/Valentin-Kaiser/go-dbase/dbase/io_unix.go:468.2,470.10 2 0
github.com/Valentin-Kaiser/go-dbase/dbase/io_unix.go:470.10,472.3 1 0
github.com/Valentin-Kaiser/go-dbase/dbase/io_unix.go:472.8,474.3 1 0
github.com/Valentin-Kaiser/go-dbase/dbase/io_unix.go:476.2,483.16 6 0
github.com/Valentin-Kaiser/go-dbase/dbase/io_unix.go:483.16,485.3 1 0
github.com/Valentin-Kaiser/go-dbase/dbase/io_unix.go:487.2,488.16 2 0
github.com/Valentin-Kaiser/go-dbase/dbase/io_unix.go:488.16,490.3 1 0
github.com/Valentin-Kaiser/go-dbase/dbase/io_unix.go:491.2,491.24 1 0
github.com/Valentin-Kaiser/go-dbase/dbase/io_unix.go:491.24,493.3 1 0
github.com/Valentin-Kaiser/go-dbase/dbase/io_unix.go:495.2,496.16 2 0
github.com/Valentin-Kaiser/go-dbase/dbase/io_unix.go:496.16,498.3 1 0
github.com/Valentin-Kaiser/go-dbase/dbase/io_unix.go:499.2,499.21 1 0
github.com/Valentin-Kaiser/go-dbase/dbase/io_unix.go:502.61,504.16 2 0
github.com/Valentin-Kaiser/go-dbase/dbase/io_unix.go:504.16,506.3 1 0
github.com/Valentin-Kaiser/go-dbase/dbase/io_unix.go:507.2,510.16 3 0
github.com/Valentin-Kaiser/go-dbase/dbase/io_unix.go:510.16,512.3 1 0
github.com/Valentin-Kaiser/go-dbase/dbase/io_unix.go:514.2,521.16 7 0
github.com/Valentin-Kaiser/go-dbase/dbase/io_unix.go:521.16,523.3 1 0
github.com/Valentin-Kaiser/go-dbase/dbase/io_unix.go:525.2,526.16 2 0
github.com/Valentin-Kaiser/go-dbase/dbase/io_unix.go:526.16,528.3 1 0
github.com/Valentin-Kaiser/go-dbase/dbase/io_unix.go:529.2,529.12 1 0
github.com/Valentin-Kaiser/go-dbase/dbase/io_unix.go:532.70,534.16 2 14
github.com/Valentin-Kaiser/go-dbase/dbase/io_unix.go:534.16,536.3 1 0
github.com/Valentin-Kaiser/go-dbase/dbase/io_unix.go:537.2,537.39 1 14
github.com/Valentin-Kaiser/go-dbase/dbase/io_unix.go:537.39,539.3 1 0
github.com/Valentin-Kaiser/go-dbase/dbase/io_unix.go:540.2,544.16 5 14
github.com/Valentin-Kaiser/go-dbase/dbase/io_unix.go:544.16,546.3 1 0
github.com/Valentin-Kaiser/go-dbase/dbase/io_unix.go:547.2,548.16 2 14
github.com/Valentin-Kaiser/go-dbase/dbase/io_unix.go:548.16,550.3 1 0
github.com/Valentin-Kaiser/go-dbase/dbase/io_unix.go:551.2,551.40 1 14
github.com/Valentin-Kaiser/go-dbase/dbase/io_unix.go:551.40,553.3 1 0
github.com/Valentin-Kaiser/go-dbase/dbase/io_unix.go:554.2,554.17 1 14
github.com/Valentin-Kaiser/go-dbase/dbase/io_unix.go:557.54,562.16 5 0
github.com/Valentin-Kaiser/go-dbase/dbase/io_unix.go:562.16,564.3 1 0
github.com/Valentin-Kaiser/go-dbase/dbase/io_unix.go:566.2,567.16 2 0
github.com/Valentin-Kaiser/go-dbase/dbase/io_unix.go:567.16,569.3 1 0
github.com/Valentin-Kaiser/go-dbase/dbase/io_unix.go:571.2,572.49 2 0
github.com/Valentin-Kaiser/go-dbase/dbase/io_unix.go:572.49,575.3 2 0
github.com/Valentin-Kaiser/go-dbase/dbase/io_unix.go:576.2,577.16 2 0
github.com/Valentin-Kaiser/go-dbase/dbase/io_unix.go:577.16,579.3 1 0
github.com/Valentin-Kaiser/go-dbase/dbase/io_unix.go:580.2,583.16 3 0
github.com/Valentin-Kaiser/go-dbase/dbase/io_unix.go:583.16,585.3 1 0
github.com/Valentin-Kaiser/go-dbase/dbase/io_unix.go:587.2,588.16 2 0
github.com/Valentin-Kaiser/go-dbase/dbase/io_unix.go:588.16,590.3 1 0
github.com/Valentin-Kaiser/go-dbase/dbase/io_unix.go:591.2,591.21 1 0
github.com/Valentin-Kaiser/go-dbase/dbase/io_unix.go:591.21,593.3 1 0
github.com/Valentin-Kaiser/go-dbase/dbase/io_unix.go:594.2,594.12 1 0
github.com/Valentin-Kaiser/go-dbase/dbase/io_unix.go:597.83,598.34 1 3
github.com/Valentin-Kaiser/go-dbase/dbase/io_unix.go:598.34,600.3 1 0
github.com/Valentin-Kaiser/go-dbase/dbase/io_unix.go:601.2,602.16 2 3
github.com/Valentin-Kaiser/go-dbase/dbase/io_unix.go:602.16,604.3 1 0
github.com/Valentin-Kaiser/go-dbase/dbase/io_unix.go:605.2,608.16 3 3
github.com/Valentin-Kaiser/go-dbase/dbase/io_unix.go:608.16,610.3 1 0
github.com/Valentin-Kaiser/go-dbase/dbase/io_unix.go:612.2,614.53 3 3
github.com/Valentin-Kaiser/go-dbase/dbase/io_unix.go:614.53,620.17 5 177
github.com/Valentin-Kaiser/go-dbase/dbase/io_unix.go:620.17,621.12 1 0
github.com/Valentin-Kaiser/go-dbase/dbase/io_unix.go:623.3,625.17 3 177
github.com/Valentin-Kaiser/go-dbase/dbase/io_unix.go:625.17,626.12 1 0
github.com/Valentin-Kaiser/go-dbase/dbase/io_unix.go:628.3,628.39 1 177
github.com/Valentin-Kaiser/go-dbase/dbase/io_unix.go:628.39,629.12 1 0
github.com/Valentin-Kaiser/go-dbase/dbase/io_unix.go:632.3,632.31 1 177
github.com/Valentin-Kaiser/go-dbase/dbase/io_unix.go:632.31,635.18 3 12
github.com/Valentin-Kaiser/go-dbase/dbase/io_unix.go:635.18,636.13 1 0
github.com/Valentin-Kaiser/go-dbase/dbase/io_unix.go:638.4,639.18 2 12
github.com/Valentin-Kaiser/go-dbase/dbase/io_unix.go:639.18,640.13 1 0
github.com/Valentin-Kaiser/go-dbase/dbase/io_unix.go:642.4,642.28 1 12
github.com/Valentin-Kaiser/go-dbase/dbase/io_unix.go:645.2,645.18 1 3
github.com/Valentin-Kaiser/go-dbase/dbase/io_unix.go:648.52,649.33 1 13
github.com/Valentin-Kaiser/go-dbase/dbase/io_unix.go:649.33,652.3 2 0
github.com/Valentin-Kaiser/go-dbase/dbase/io_unix.go:653.2,655.12 3 13
github.com/Valentin-Kaiser/go-dbase/dbase/io_unix.go:658.48,660.44 2 3
github.com/Valentin-Kaiser/go-dbase/dbase/io_unix.go:660.44,662.3 1 0
github.com/Valentin-Kaiser/go-dbase/dbase/io_unix.go:663.2,663.16 1 3
github.com/Valentin-Kaiser/go-dbase/dbase/io_unix.go:663.16,665.3 1 0
github.com/Valentin-Kaiser/go-dbase/dbase/io_unix.go:666.2,667.78 2 3
github.com/Valentin-Kaiser/go-dbase/dbase/io_unix.go:670.51,671.52 1 0
github.com/Valentin-Kaiser/go-dbase/dbase/io_unix.go:671.52,673.3 1 0
github.com/Valentin-Kaiser/go-dbase/dbase/io_unix.go:674.2,675.16 2 0
github.com/Valentin-Kaiser/go-dbase/dbase/io_unix.go:675.16,677.3 1 0
github.com/Valentin-Kaiser/go-dbase/dbase/io_unix.go:678.2,680.16 3 0
github.com/Valentin-Kaiser/go-dbase/dbase/io_unix.go:680.16,682.3 1 0
github.com/Valentin-Kaiser/go-dbase/dbase/io_unix.go:683.2,685.16 3 0
github.com/Valentin-Kaiser/go-dbase/dbase/io_unix.go:685.16,687.3 1 0
github.com/Valentin-Kaiser/go-dbase/dbase/io_unix.go:688.2,688.15 1 0
github.com/Valentin-Kaiser/go-dbase/dbase/io_unix.go:688.15,690.3 1 0
github.com/Valentin-Kaiser/go-dbase/dbase/io_unix.go:691.2,691.37 1 0
github.com/Valentin-Kaiser/go-dbase/dbase/io_unix.go:694.57,696.9 2 86
github.com/Valentin-Kaiser/go-dbase/dbase/io_unix.go:696.9,698.3 1 0
github.com/Valentin-Kaiser/go-dbase/dbase/io_unix.go:699.2,699.54 1 86
github.com/Valentin-Kaiser/go-dbase/dbase/io_unix.go:699.54,701.3 1 0
github.com/Valentin-Kaiser/go-dbase/dbase/io_unix.go:702.2,702.20 1 86
github.com/Valentin-Kaiser/go-dbase/dbase/io_unix.go:705.64,707.9 2 44
github.com/Valentin-Kaiser/go-dbase/dbase/io_unix.go:707.9,709.3 1 0
github.com/Valentin-Kaiser/go-dbase/dbase/io_unix.go:710.2,710.54 1 44
github.com/Valentin-Kaiser/go-dbase/dbase/io_unix.go:710.54,712.3 1 0
github.com/Valentin-Kaiser/go-dbase/dbase/io_unix.go:713.2,713.20 1 44
github.com/Valentin-Kaiser/go-dbase/dbase/table.go:51.58,53.34 2 6
github.com/Valentin-Kaiser/go-dbase/dbase/table.go:53.34,54.82 1 6
github.com/Valentin-Kaiser/go-dbase/dbase/table.go:54.82,55.9 1 6
github.com/Valentin-Kaiser/go-dbase/dbase/table.go:57.3,58.78 2 0
github.com/Valentin-Kaiser/go-dbase/dbase/table.go:58.78,60.4 1 0
github.com/Valentin-Kaiser/go-dbase/dbase/table.go:63.2,63.17 1 6
github.com/Valentin-Kaiser/go-dbase/dbase/table.go:67.40,69.35 2 0
github.com/Valentin-Kaiser/go-dbase/dbase/table.go:69.35,70.19 1 0
github.com/Valentin-Kaiser/go-dbase/dbase/table.go:70.19,72.4 1 0
github.com/Valentin-Kaiser/go-dbase/dbase/table.go:74.2,74.15 1 0
github.com/Valentin-Kaiser/go-dbase/dbase/table.go:78.44,80.2 1 12
github.com/Valentin-Kaiser/go-dbase/dbase/table.go:83.63,85.13 2 12
github.com/Valentin-Kaiser/go-dbase/dbase/table.go:85.13,87.3 1 0
github.com/Valentin-Kaiser/go-dbase/dbase/table.go:88.2,88.28 1 12
github.com/Valentin-Kaiser/go-dbase/dbase/table.go:93.58,95.16 2 0
github.com/Valentin-Kaiser/go-dbase/dbase/table.go:95.16,96.13 1 0
github.com/Valentin-Kaiser/go-dbase/dbase/table.go:98.2,98.12 1 0
github.com/Valentin-Kaiser/go-dbase/dbase/table.go:103.64,105.16 2 0
github.com/Valentin-Kaiser/go-dbase/dbase/table.go:105.16,107.3 1 0
github.com/Valentin-Kaiser/go-dbase/dbase/table.go:108.2,108.16 1 0
github.com/Valentin-Kaiser/go-dbase/dbase/table.go:108.16,110.9 2 0
github.com/Valentin-Kaiser/go-dbase/dbase/table.go:110.9,112.4 1 0
github.com/Valentin-Kaiser/go-dbase/dbase/table.go:113.3,114.9 2 0
github.com/Valentin-Kaiser/go-dbase/dbase/table.go:114.9,116.4 1 0
github.com/Valentin-Kaiser/go-dbase/dbase/table.go:117.3,117.64 1 0
github.com/Valentin-Kaiser/go-dbase/dbase/table.go:119.2,119.16 1 0
github.com/Valentin-Kaiser/go-dbase/dbase/table.go:124.59,126.16 2 0
github.com/Valentin-Kaiser/go-dbase/dbase/table.go:126.16,127.13 1 0
github.com/Valentin-Kaiser/go-dbase/dbase/table.go:129.2,129.12 1 0
github.com/Valentin-Kaiser/go-dbase/dbase/table.go:134.60,136.16 2 0
github.com/Valentin-Kaiser/go-dbase/dbase/table.go:136.16,138.3 1 0
github.com/Valentin-Kaiser/go-dbase/dbase/table.go:139.2,139.16 1 0
github.com/Valentin-Kaiser/go-dbase/dbase/table.go:139.16,142.9 3 0
github.com/Valentin-Kaiser/go-dbase/dbase/table.go:142.9,144.4 1 0
github.com/Valentin-Kaiser/go-dbase/dbase/table.go:145.3,145.61 1 0
github.com/Valentin-Kaiser/go-dbase/dbase/table.go:147.2,147.15 1 0
github.com/Valentin-Kaiser/go-dbase/dbase/table.go:152.55,154.16 2 0
github.com/Valentin-Kaiser/go-dbase/dbase/table.go:154.16,155.13 1 0
github.com/Valentin-Kaiser/go-dbase/dbase/table.go:157.2,157.12 1 0
github.com/Valentin-Kaiser/go-dbase/dbase/table.go:162.64,164.16 2 0
github.com/Valentin-Kaiser/go-dbase/dbase/table.go:164.16,166.3 1 0
github.com/Valentin-Kaiser/go-dbase/dbase/table.go:167.2,167.16 1 0
github.com/Valentin-Kaiser/go-dbase/dbase/table.go:167.16,170.9 3 0
github.com/Valentin-Kaiser/go-dbase/dbase/table.go:170.9,172.4 1 0
github.com/Valentin-Kaiser/go-dbase/dbase/table.go:173.3,173.62 1 0
github.com/Valentin-Kaiser/go-dbase/dbase/table.go:175.2,175.15 1 0
github.com/Valentin-Kaiser/go-dbase/dbase/table.go:180.59,182.16 2 0
github.com/Valentin-Kaiser/go-dbase/dbase/table.go:182.16,183.13 1 0
github.com/Valentin-Kaiser/go-dbase/dbase/table.go:185.2,185.12 1 0
github.com/Valentin-Kaiser/go-dbase/dbase/table.go:190.60,192.16 2 0
github.com/Valentin-Kaiser/go-dbase/dbase/table.go:192.16,194.3 1 0
github.com/Valentin-Kaiser/go-dbase/dbase/table.go:195.2,195.16 1 0
github.com/Valentin-Kaiser/go-dbase/dbase/table.go:195.16,197.9 2 0
github.com/Valentin-Kaiser/go-dbase/dbase/table.go:197.9,199.4 1 0
github.com/Valentin-Kaiser/go-dbase/dbase/table.go:200.3,200.65 1 0
github.com/Valentin-Kaiser/go-dbase/dbase/table.go:203.2,203.19 1 0
github.com/Valentin-Kaiser/go-dbase/dbase/table.go:208.55,210.16 2 0
github.com/Valentin-Kaiser/go-dbase/dbase/table.go:210.16,211.13 1 0
github.com/Valentin-Kaiser/go-dbase/dbase/table.go:213.2,213.12 1 0
github.com/Valentin-Kaiser/go-dbase/dbase/table.go:218.65,220.16 2 0
github.com/Valentin-Kaiser/go-dbase/dbase/table.go:220.16,222.3 1 0
github.com/Valentin-Kaiser/go-dbase/dbase/table.go:223.2,223.16 1 0
github.com/Valentin-Kaiser/go-dbase/dbase/table.go:223.16,226.9 3 0
github.com/Valentin-Kaiser/go-dbase/dbase/table.go:226.9,228.4 1 0
github.com/Valentin-Kaiser/go-dbase/dbase/table.go:229.3,229.71 1 0
github.com/Valentin-Kaiser/go-dbase/dbase/table.go:231.2,231.25 1 0
github.com/Valentin-Kaiser/go-dbase/dbase/table.go:236.60,238.16 2 0
github.com/Valentin-Kaiser/go-dbase/dbase/table.go:238.16,239.13 1 0
github.com/Valentin-Kaiser/go-dbase/dbase/table.go:241.2,241.12 1 0
github.com/Valentin-Kaiser/go-dbase/dbase/table.go:246.63,248.16 2 0
github.com/Valentin-Kaiser/go-dbase/dbase/table.go:248.16,250.3 1 0
github.com/Valentin-Kaiser/go-dbase/dbase/table.go:251.2,251.16 1 0
github.com/Valentin-Kaiser/go-dbase/dbase/table.go:251.16,254.9 3 0
github.com/Valentin-Kaiser/go-dbase/dbase/table.go:254.9,256.4 1 0
github.com/Valentin-Kaiser/go-dbase/dbase/table.go:257.3,258.9 2 0
github.com/Valentin-Kaiser/go-dbase/dbase/table.go:258.9,260.4 1 0
github.com/Valentin-Kaiser/go-dbase/dbase/table.go:261.3,262.9 2 0
github.com/Valentin-Kaiser/go-dbase/dbase/table.go:262.9,264.4 1 0
github.com/Valentin-Kaiser/go-dbase/dbase/table.go:265.3,265.69 1 0
github.com/Valentin-Kaiser/go-dbase/dbase/table.go:267.2,267.17 1 0
github.com/Valentin-Kaiser/go-dbase/dbase/table.go:272.58,274.16 2 0
github.com/Valentin-Kaiser/go-dbase/dbase/table.go:274.16,275.13 1 0
github.com/Valentin-Kaiser/go-dbase/dbase/table.go:277.2,277.12 1 0
github.com/Valentin-Kaiser/go-dbase/dbase/table.go:281.35,283.2 1 2
github.com/Valentin-Kaiser/go-dbase/dbase/table.go:286.39,287.39 1 0
github.com/Valentin-Kaiser/go-dbase/dbase/table.go:287.39,289.3 1 0
github.com/Valentin-Kaiser/go-dbase/dbase/table.go:290.2,290.24 1 0
github.com/Valentin-Kaiser/go-dbase/dbase/table.go:294.49,296.2 1 0
github.com/Valentin-Kaiser/go-dbase/dbase/table.go:299.43,303.17 3 0
github.com/Valentin-Kaiser/go-dbase/dbase/table.go:303.17,305.3 1 0
github.com/Valentin-Kaiser/go-dbase/dbase/table.go:305.8,307.3 1 0
github.com/Valentin-Kaiser/go-dbase/dbase/table.go:309.2,312.35 4 0
github.com/Valentin-Kaiser/go-dbase/dbase/table.go:312.35,314.17 2 0
github.com/Valentin-Kaiser/go-dbase/dbase/table.go:314.17,316.4 1 0
github.com/Valentin-Kaiser/go-dbase/dbase/table.go:318.3,318.89 1 0
github.com/Valentin-Kaiser/go-dbase/dbase/table.go:318.89,321.55 2 0
github.com/Valentin-Kaiser/go-dbase/dbase/table.go:321.55,332.5 8 0
github.com/Valentin-Kaiser/go-dbase/dbase/table.go:332.10,332.26 1 0
github.com/Valentin-Kaiser/go-dbase/dbase/table.go:332.26,338.5 4 0
github.com/Valentin-Kaiser/go-dbase/dbase/table.go:340.4,341.101 2 0
github.com/Valentin-Kaiser/go-dbase/dbase/table.go:341.101,343.5 1 0
github.com/Valentin-Kaiser/go-dbase/dbase/table.go:345.3,346.40 2 0
github.com/Valentin-Kaiser/go-dbase/dbase/table.go:349.2,349.38 1 0
github.com/Valentin-Kaiser/go-dbase/dbase/table.go:349.38,352.3 2 0
github.com/Valentin-Kaiser/go-dbase/dbase/table.go:353.2,353.18 1 0
github.com/Valentin-Kaiser/go-dbase/dbase/table.go:357.57,361.35 4 1
github.com/Valentin-Kaiser/go-dbase/dbase/table.go:361.35,363.82 2 16
github.com/Valentin-Kaiser/go-dbase/dbase/table.go:363.82,365.22 2 0
github.com/Valentin-Kaiser/go-dbase/dbase/table.go:365.22,366.36 1 0
github.com/Valentin-Kaiser/go-dbase/dbase/table.go:366.36,368.6 1 0
github.com/Valentin-Kaiser/go-dbase/dbase/table.go:370.5,370.39 1 0
github.com/Valentin-Kaiser/go-dbase/dbase/table.go:370.39,372.6 1 0
github.com/Valentin-Kaiser/go-dbase/dbase/table.go:374.4,374.26 1 0
github.com/Valentin-Kaiser/go-dbase/dbase/table.go:374.26,377.19 3 0
github.com/Valentin-Kaiser/go-dbase/dbase/table.go:377.19,379.6 1 0
github.com/Valentin-Kaiser/go-dbase/dbase/table.go:381.4,381.33 1 0
github.com/Valentin-Kaiser/go-dbase/dbase/table.go:381.33,384.13 3 0
github.com/Valentin-Kaiser/go-dbase/dbase/table.go:387.3,387.26 1 16
github.com/Valentin-Kaiser/go-dbase/dbase/table.go:389.2,389.17 1 1
github.com/Valentin-Kaiser/go-dbase/dbase/table.go:393.42,396.16 3 0
github.com/Valentin-Kaiser/go-dbase/dbase/table.go:396.16,398.3 1 0
github.com/Valentin-Kaiser/go-dbase/dbase/table.go:399.2,400.16 2 0
github.com/Valentin-Kaiser/go-dbase/dbase/table.go:400.16,402.3 1 0
github.com/Valentin-Kaiser/go-dbase/dbase/table.go:403.2,403.15 1 0
github.com/Valentin-Kaiser/go-dbase/dbase/table.go:409.47,411.30 2 0
github.com/Valentin-Kaiser/go-dbase/dbase/table.go:411.30,413.3 1 0
github.com/Valentin-Kaiser/go-dbase/dbase/table.go:414.2,416.16 3 0
github.com/Valentin-Kaiser/go-dbase/dbase/table.go:416.16,418.3 1 0
github.com/Valentin-Kaiser/go-dbase/dbase/table.go:419.2,420.24 2 0
github.com/Valentin-Kaiser/go-dbase/dbase/table.go:420.24,421.33 1 0
github.com/Valentin-Kaiser/go-dbase/dbase/table.go:421.33,424.23 2 0
github.com/Valentin-Kaiser/go-dbase/dbase/table.go:424.23,425.13 1 0
github.com/Valentin-Kaiser/go-dbase/dbase/table.go:428.4,428.41 1 0
github.com/Valentin-Kaiser/go-dbase/dbase/table.go:428.41,430.13 2 0
github.com/Valentin-Kaiser/go-dbase/dbase/table.go:434.4,435.21 2 0
github.com/Valentin-Kaiser/go-dbase/dbase/table.go:439.2,439.24 1 0
github.com/Valentin-Kaiser/go-dbase/dbase/table.go:439.24,441.17 2 0
github.com/Valentin-Kaiser/go-dbase/dbase/table.go:441.17,443.4 1 0
github.com/Valentin-Kaiser/go-dbase/dbase/table.go:445.2,445.12 1 0
github.com/Valentin-Kaiser/go-dbase/dbase/table.go:449.32,451.2 1 586
github.com/Valentin-Kaiser/go-dbase/dbase/table.go:454.32,456.2 1 222
github.com/Valentin-Kaiser/go-dbase/dbase/table.go:458.50,460.2 1 0
github.com/Valentin-Kaiser/go-dbase/dbase/table.go:463.55,464.18 1 0
github.com/Valentin-Kaiser/go-dbase/dbase/table.go:464.18,466.3 1 0
github.com/Valentin-Kaiser/go-dbase/dbase/table.go:467.2,468.12 2 0
github.com/Valentin-Kaiser/go-dbase/dbase/table.go:472.43,474.2 1 22
github.com/Valentin-Kaiser/go-dbase/dbase/table.go:477.34,479.2 1 32
github.com/Valentin-Kaiser/go-dbase/dbase/table.go:482.36,484.2 1 0
github.com/Valentin-Kaiser/go-dbase/dbase/table.go:487.37,489.2 1 0
github.com/Valentin-Kaiser/go-dbase/dbase/table.go:493.115,494.23 1 0
github.com/Valentin-Kaiser/go-dbase/dbase/table.go:494.23,496.3 1 0
github.com/Valentin-Kaiser/go-dbase/dbase/table.go:497.2,497.29 1 0
github.com/Valentin-Kaiser/go-dbase/dbase/table.go:497.29,499.3 1 0
github.com/Valentin-Kaiser/go-dbase/dbase/table.go:500.2,523.33 5 0
github.com/Valentin-Kaiser/go-dbase/dbase/table.go:523.33,524.36 1 0
github.com/Valentin-Kaiser/go-dbase/dbase/table.go:524.36,527.4 2 0
github.com/Valentin-Kaiser/go-dbase/dbase/table.go:528.3,528.77 1 0
github.com/Valentin-Kaiser/go-dbase/dbase/table.go:528.77,530.89 2 0
github.com/Valentin-Kaiser/go-dbase/dbase/table.go:530.89,532.5 1 0
github.com/Valentin-Kaiser/go-dbase/dbase/table.go:535.3,539.58 3 0
github.com/Valentin-Kaiser/go-dbase/dbase/table.go:542.2,542.15 1 0
github.com/Valentin-Kaiser/go-dbase/dbase/table.go:542.15,549.3 2 0
github.com/Valentin-Kaiser/go-dbase/dbase/table.go:551.2,551.24 1 0
github.com/Valentin-Kaiser/go-dbase/dbase/table.go:551.24,553.27 2 0
github.com/Valentin-Kaiser/go-dbase/dbase/table.go:553.27,555.4 1 0
github.com/Valentin-Kaiser/go-dbase/dbase/table.go:556.3,569.63 4 0
github.com/Valentin-Kaiser/go-dbase/dbase/table.go:572.2,573.16 2 0
github.com/Valentin-Kaiser/go-dbase/dbase/table.go:573.16,575.3 1 0
github.com/Valentin-Kaiser/go-dbase/dbase/table.go:577.2,577.18 1 0
github.com/Valentin-Kaiser/go-dbase/dbase/table.go:582.110,583.55 1 0
github.com/Valentin-Kaiser/go-dbase/dbase/table.go:583.55,585.3 1 0
github.com/Valentin-Kaiser/go-dbase/dbase/table.go:586.2,600.14 4 0
github.com/Valentin-Kaiser/go-dbase/dbase/table.go:600.14,602.3 1 0
github.com/Valentin-Kaiser/go-dbase/dbase/table.go:604.2,604.18 1 0
github.com/Valentin-Kaiser/go-dbase/dbase/table.go:605.17,607.14 2 0
github.com/Valentin-Kaiser/go-dbase/dbase/table.go:608.26,609.49 1 0
github.com/Valentin-Kaiser/go-dbase/dbase/table.go:609.49,611.4 1 0
github.com/Valentin-Kaiser/go-dbase/dbase/table.go:612.3,612.25 1 0
github.com/Valentin-Kaiser/go-dbase/dbase/table.go:613.22,614.74 1 0
github.com/Valentin-Kaiser/go-dbase/dbase/table.go:614.74,616.4 1 0
github.com/Valentin-Kaiser/go-dbase/dbase/table.go:617.3,617.25 1 0
github.com/Valentin-Kaiser/go-dbase/dbase/table.go:618.15,619.20 1 0
github.com/Valentin-Kaiser/go-dbase/dbase/table.go:620.21,621.20 1 0
github.com/Valentin-Kaiser/go-dbase/dbase/table.go:622.40,623.20 1 0
github.com/Valentin-Kaiser/go-dbase/dbase/table.go:624.10,625.68 1 0
github.com/Valentin-Kaiser/go-dbase/dbase/table.go:627.2,627.20 1 0
github.com/Valentin-Kaiser/go-dbase/dbase/table.go:631.31,633.2 1 0
github.com/Valentin-Kaiser/go-dbase/dbase/table.go:638.35,639.35 1 0
github.com/Valentin-Kaiser/go-dbase/dbase/table.go:639.35,640.51 1 0
github.com/Valentin-Kaiser/go-dbase/dbase/table.go:640.51,644.4 3 0
github.com/Valentin-Kaiser/go-dbase/dbase/table.go:646.2,647.16 2 0
github.com/Valentin-Kaiser/go-dbase/dbase/table.go:647.16,649.3 1 0
github.com/Valentin-Kaiser/go-dbase/dbase/table.go:650.2,650.12 1 0
github.com/Valentin-Kaiser/go-dbase/dbase/table.go:654.29,657.2 2 0
